#  step      rmse_trn    rmse_e_trn    rmse_f_trn         lr
      0      9.00e+00      4.57e-01      8.96e-01    2.0e-03
   1000      1.95e+00      2.78e-02      1.95e-01    2.0e-03
   2000      1.69e+00      7.75e-02      1.69e-01    1.9e-03
   3000      1.08e+00      3.45e-02      1.09e-01    1.9e-03
   4000      9.96e-01      1.00e-02      1.02e-01    1.9e-03
   5000      8.10e-01      1.14e-02      8.32e-02    1.9e-03
   6000      1.13e+00      1.04e-02      1.18e-01    1.8e-03
   7000      1.10e+00      8.75e-04      1.15e-01    1.8e-03
   8000      7.90e-01      1.26e-03      8.37e-02    1.8e-03
   9000      1.22e+00      2.00e-02      1.28e-01    1.8e-03
  10000      1.11e+00      2.19e-02      1.18e-01    1.7e-03
  11000      8.40e-01      1.54e-02      8.95e-02    1.7e-03
  12000      8.27e-01      1.28e-02      8.95e-02    1.7e-03
  13000      7.91e-01      1.15e-02      8.57e-02    1.7e-03
  14000      7.68e-01      7.85e-03      8.47e-02    1.6e-03
  15000      6.68e-01      9.19e-03      7.34e-02    1.6e-03
  16000      6.20e-01      3.69e-03      6.95e-02    1.6e-03
  17000      8.35e-01      3.23e-02      8.77e-02    1.6e-03
  18000      1.43e+00      9.55e-02      1.26e-01    1.5e-03
  19000      6.09e-01      2.04e-02      6.57e-02    1.5e-03
  20000      7.72e-01      3.35e-02      8.04e-02    1.5e-03
  21000      8.12e-01      1.30e-02      9.27e-02    1.5e-03
  22000      6.66e-01      7.94e-03      7.75e-02    1.4e-03
  23000      7.28e-01      9.15e-03      8.47e-02    1.4e-03
  24000      4.85e-01      5.01e-03      5.73e-02    1.4e-03
  25000      8.05e-01      4.56e-02      7.57e-02    1.4e-03
  26000      5.00e-01      8.29e-03      5.93e-02    1.4e-03
  27000      6.26e-01      7.33e-03      7.50e-02    1.4e-03
  28000      5.03e-01      1.25e-02      5.91e-02    1.3e-03
  29000      7.85e-01      3.83e-02      7.95e-02    1.3e-03
  30000      5.37e-01      4.22e-03      6.65e-02    1.3e-03
  31000      5.61e-01      1.41e-02      6.66e-02    1.3e-03
  32000      4.88e-01      1.93e-03      6.15e-02    1.3e-03
  33000      4.84e-01      6.87e-03      6.01e-02    1.3e-03
  34000      4.27e-01      3.76e-04      5.46e-02    1.2e-03
  35000      4.75e-01      7.89e-03      5.95e-02    1.2e-03
  36000      5.69e-01      6.55e-03      7.31e-02    1.2e-03
  37000      5.16e-01      5.46e-03      6.63e-02    1.2e-03
  38000      6.79e-01      1.62e-02      8.51e-02    1.1e-03
  39000      4.43e-01      1.23e-03      5.82e-02    1.1e-03
  40000      8.04e-01      1.94e-02      1.02e-01    1.1e-03
  41000      5.79e-01      3.03e-02      5.62e-02    1.1e-03
  42000      4.65e-01      1.10e-03      6.31e-02    1.1e-03
  43000      5.15e-01      3.68e-03      6.95e-02    1.1e-03
  44000      4.50e-01      1.39e-03      6.19e-02    1.0e-03
  45000      7.96e-01      3.88e-02      8.21e-02    1.0e-03
  46000      4.93e-01      1.76e-02      5.97e-02    1.0e-03
  47000      4.48e-01      7.50e-03      6.09e-02    1.0e-03
  48000      4.34e-01      6.15e-03      6.01e-02    9.9e-04
  49000      3.80e-01      4.91e-03      5.29e-02    9.9e-04
  50000      4.30e-01      2.79e-03      6.15e-02    9.6e-04
  51000      4.32e-01      2.49e-04      6.20e-02    9.6e-04
  52000      4.44e-01      3.90e-03      6.41e-02    9.3e-04
  53000      5.23e-01      2.36e-03      7.59e-02    9.3e-04
  54000      3.84e-01      1.01e-03      5.66e-02    9.1e-04
  55000      3.57e-01      3.37e-03      5.23e-02    9.1e-04
  56000      4.23e-01      6.50e-03      6.17e-02    8.8e-04
  57000      5.77e-01      9.23e-03      8.41e-02    8.8e-04
  58000      3.58e-01      1.15e-03      5.44e-02    8.5e-04
  59000      4.33e-01      3.58e-03      6.53e-02    8.5e-04
  60000      3.42e-01      1.77e-04      5.27e-02    8.3e-04
  61000      5.96e-01      3.48e-04      9.20e-02    8.3e-04
  62000      3.86e-01      6.49e-03      5.83e-02    8.1e-04
  63000      5.43e-01      2.48e-02      6.10e-02    8.1e-04
  64000      3.99e-01      3.10e-03      6.29e-02    7.8e-04
  65000      3.55e-01      1.80e-03      5.61e-02    7.8e-04
  66000      4.11e-01      1.54e-02      5.39e-02    7.6e-04
  67000      3.26e-01      2.57e-03      5.21e-02    7.6e-04
  68000      3.51e-01      7.86e-03      5.37e-02    7.4e-04
  69000      5.33e-01      1.66e-03      8.69e-02    7.4e-04
  70000      3.46e-01      6.91e-03      5.44e-02    7.2e-04
  71000      3.30e-01      1.87e-04      5.47e-02    7.2e-04
  72000      3.05e-01      2.78e-03      5.07e-02    7.0e-04
  73000      2.83e-01      1.69e-03      4.73e-02    7.0e-04
  74000      3.48e-01      6.80e-03      5.63e-02    6.8e-04
  75000      2.01e-01      9.75e-03      3.30e-02    6.8e-04
  76000      4.00e-01      1.52e-02      5.46e-02    6.6e-04
  77000      3.75e-01      3.55e-03      6.40e-02    6.6e-04
  78000      2.72e-01      3.02e-03      4.69e-02    6.4e-04
  79000      3.02e-01      6.89e-04      5.29e-02    6.4e-04
  80000      3.46e-01      1.67e-04      6.15e-02    6.2e-04
  81000      3.89e-01      1.66e-02      4.95e-02    6.2e-04
  82000      3.91e-01      5.37e-03      6.88e-02    6.0e-04
  83000      3.09e-01      9.95e-03      4.74e-02    6.0e-04
  84000      3.15e-01      9.80e-03      4.95e-02    5.8e-04
  85000      3.65e-01      9.55e-03      6.03e-02    5.8e-04
  86000      1.62e-01      1.72e-03      3.00e-02    5.7e-04
  87000      2.64e-01      5.65e-03      4.59e-02    5.7e-04
  88000      3.21e-01      1.50e-03      6.03e-02    5.5e-04
  89000      3.69e-01      4.48e-03      6.80e-02    5.5e-04
  90000      3.24e-01      1.80e-03      6.15e-02    5.3e-04
  91000      2.95e-01      1.07e-03      5.62e-02    5.3e-04
  92000      2.53e-01      2.36e-04      4.89e-02    5.2e-04
  93000      2.51e-01      7.43e-04      4.86e-02    5.2e-04
  94000      2.64e-01      1.78e-03      5.15e-02    5.0e-04
  95000      3.44e-01      2.51e-03      6.71e-02    5.0e-04
  96000      2.48e-01      1.26e-03      4.93e-02    4.9e-04
  97000      3.47e-01      1.00e-03      6.90e-02    4.9e-04
  98000      2.32e-01      9.02e-04      4.68e-02    4.7e-04
  99000      2.36e-01      5.81e-04      4.77e-02    4.7e-04
 100000      2.41e-01      1.40e-03      4.92e-02    4.6e-04
 101000      6.13e-01      2.98e-02      6.87e-02    4.6e-04
 102000      2.25e-01      6.09e-04      4.67e-02    4.5e-04
 103000      3.69e-01      2.16e-03      7.63e-02    4.5e-04
 104000      3.39e-01      5.72e-03      6.83e-02    4.3e-04
 105000      2.94e-01      1.70e-03      6.16e-02    4.3e-04
 106000      2.55e-01      1.23e-03      5.43e-02    4.2e-04
 107000      2.99e-01      2.75e-03      6.31e-02    4.2e-04
 108000      2.67e-01      1.15e-03      5.76e-02    4.1e-04
 109000      2.02e-01      9.49e-04      4.37e-02    4.1e-04
 110000      2.13e-01      1.07e-03      4.67e-02    4.0e-04
 111000      2.60e-01      9.57e-04      5.71e-02    4.0e-04
 112000      2.05e-01      9.41e-04      4.55e-02    3.9e-04
 113000      2.75e-01      7.69e-04      6.13e-02    3.9e-04
 114000      2.13e-01      1.20e-03      4.79e-02    3.8e-04
 115000      2.51e-01      5.31e-03      5.27e-02    3.8e-04
 116000      2.20e-01      1.78e-03      4.98e-02    3.6e-04
 117000      2.04e-01      1.16e-03      4.66e-02    3.6e-04
 118000      2.16e-01      2.17e-03      4.93e-02    3.5e-04
 119000      3.34e-01      1.19e-02      6.00e-02    3.5e-04
 120000      2.15e-01      3.57e-03      4.85e-02    3.4e-04
 121000      2.01e-01      7.99e-04      4.72e-02    3.4e-04
 122000      2.75e-01      1.67e-03      6.54e-02    3.3e-04
 123000      2.09e-01      4.15e-04      5.00e-02    3.3e-04
 124000      1.83e-01      1.51e-03      4.39e-02    3.2e-04
 125000      2.08e-01      1.62e-04      5.04e-02    3.2e-04
 126000      1.98e-01      2.64e-03      4.72e-02    3.1e-04
 127000      2.18e-01      2.54e-04      5.35e-02    3.1e-04
 128000      1.99e-01      6.27e-05      4.95e-02    3.1e-04
 129000      2.34e-01      3.54e-03      5.61e-02    3.1e-04
 130000      2.65e-01      9.04e-04      6.68e-02    3.0e-04
 131000      2.03e-01      4.48e-03      4.69e-02    3.0e-04
 132000      6.78e-02      3.54e-04      1.73e-02    2.9e-04
 133000      2.27e-01      2.31e-03      5.71e-02    2.9e-04
 134000      1.63e-01      4.20e-04      4.22e-02    2.8e-04
 135000      2.20e-01      5.60e-03      5.06e-02    2.8e-04
 136000      1.94e-01      1.30e-03      5.07e-02    2.7e-04
 137000      3.13e-01      4.97e-04      8.22e-02    2.7e-04
 138000      2.09e-01      6.46e-03      4.61e-02    2.6e-04
 139000      2.24e-01      5.45e-05      5.96e-02    2.6e-04
 140000      2.19e-01      6.51e-05      5.92e-02    2.6e-04
 141000      1.92e-01      8.10e-05      5.20e-02    2.6e-04
 142000      1.88e-01      6.97e-04      5.15e-02    2.5e-04
 143000      1.52e-01      8.73e-04      4.14e-02    2.5e-04
 144000      1.87e-01      2.72e-03      5.02e-02    2.4e-04
 145000      1.92e-01      6.74e-04      5.31e-02    2.4e-04
 146000      1.63e-01      1.73e-03      4.49e-02    2.3e-04
 147000      1.82e-01      9.86e-04      5.09e-02    2.3e-04
 148000      1.47e-01      3.76e-05      4.21e-02    2.3e-04
 149000      1.64e-01      9.11e-04      4.65e-02    2.3e-04
 150000      7.06e-02      7.76e-03      1.76e-02    2.2e-04
 151000      2.11e-01      1.77e-03      6.02e-02    2.2e-04
 152000      1.97e-01      4.44e-03      5.24e-02    2.1e-04
 153000      1.86e-01      1.22e-03      5.41e-02    2.1e-04
 154000      1.42e-01      6.62e-04      4.20e-02    2.1e-04
 155000      1.55e-01      9.80e-04      4.57e-02    2.1e-04
 156000      1.88e-01      1.85e-04      5.65e-02    2.0e-04
 157000      1.67e-01      1.73e-03      4.92e-02    2.0e-04
 158000      1.64e-01      5.36e-05      5.01e-02    2.0e-04
 159000      2.04e-01      3.54e-03      5.90e-02    2.0e-04
 160000      9.62e-02      1.13e-02      2.49e-02    1.9e-04
 161000      1.85e-01      3.55e-05      5.72e-02    1.9e-04
 162000      1.99e-01      7.14e-03      4.62e-02    1.9e-04
 163000      1.76e-01      4.20e-04      5.51e-02    1.9e-04
 164000      2.03e-01      5.03e-04      6.42e-02    1.8e-04
 165000      1.44e-01      1.04e-03      4.53e-02    1.8e-04
 166000      1.31e-01      1.32e-03      4.15e-02    1.8e-04
 167000      1.49e-01      1.33e-04      4.79e-02    1.8e-04
 168000      1.50e-01      8.66e-04      4.87e-02    1.7e-04
 169000      5.34e-02      1.46e-03      1.72e-02    1.7e-04
 170000      1.31e-01      4.95e-04      4.32e-02    1.7e-04
 171000      1.84e-01      1.98e-03      5.97e-02    1.7e-04
 172000      1.49e-01      1.98e-03      4.81e-02    1.6e-04
 173000      1.31e-01      3.21e-05      4.39e-02    1.6e-04
 174000      1.55e-01      3.45e-04      5.26e-02    1.6e-04
 175000      1.28e-01      8.78e-04      4.30e-02    1.6e-04
 176000      1.22e-01      1.16e-03      4.13e-02    1.5e-04
 177000      1.42e-01      6.01e-04      4.85e-02    1.5e-04
 178000      6.61e-02      3.35e-03      2.16e-02    1.5e-04
 179000      1.38e-01      2.88e-03      4.40e-02    1.5e-04
 180000      1.91e-01      3.36e-03      6.35e-02    1.4e-04
 181000      1.36e-01      1.61e-03      4.68e-02    1.4e-04
 182000      1.48e-01      2.65e-03      4.98e-02    1.4e-04
 183000      1.48e-01      1.74e-03      5.16e-02    1.4e-04
 184000      1.38e-01      1.23e-03      4.91e-02    1.3e-04
 185000      1.84e-01      4.59e-03      5.84e-02    1.3e-04
 186000      1.47e-01      1.85e-04      5.39e-02    1.3e-04
 187000      1.27e-01      4.88e-04      4.63e-02    1.3e-04
 188000      1.65e-01      4.33e-04      6.12e-02    1.3e-04
 189000      2.34e-01      6.40e-03      7.41e-02    1.3e-04
 190000      1.62e-01      2.18e-03      5.88e-02    1.2e-04
 191000      1.30e-01      3.27e-03      4.29e-02    1.2e-04
 192000      1.25e-01      5.05e-04      4.72e-02    1.2e-04
 193000      1.34e-01      1.01e-03      5.05e-02    1.2e-04
 194000      1.22e-01      4.27e-04      4.69e-02    1.2e-04
 195000      1.13e-01      9.78e-04      4.31e-02    1.2e-04
 196000      1.36e-01      2.60e-03      4.93e-02    1.1e-04
 197000      1.20e-01      9.65e-05      4.68e-02    1.1e-04
 198000      1.54e-01      1.44e-03      5.97e-02    1.1e-04
 199000      1.47e-01      2.50e-03      5.48e-02    1.1e-04
 200000      1.14e-01      1.04e-03      4.49e-02    1.1e-04
 201000      1.21e-01      2.46e-03      4.44e-02    1.1e-04
 202000      1.08e-01      4.90e-04      4.34e-02    1.0e-04
 203000      9.89e-02      4.07e-04      3.99e-02    1.0e-04
 204000      1.36e-01      1.99e-03      5.35e-02    1.0e-04
 205000      1.16e-01      1.33e-05      4.74e-02    1.0e-04
 206000      1.01e-01      8.49e-05      4.17e-02    9.7e-05
 207000      1.14e-01      4.48e-04      4.72e-02    9.7e-05
 208000      9.42e-02      5.90e-04      3.93e-02    9.4e-05
 209000      1.15e-01      3.54e-04      4.81e-02    9.4e-05
 210000      9.50e-02      1.26e-03      3.90e-02    9.2e-05
 211000      1.36e-01      3.25e-04      5.79e-02    9.2e-05
 212000      9.86e-02      4.52e-04      4.22e-02    8.9e-05
 213000      6.80e-02      8.78e-04      2.91e-02    8.9e-05
 214000      1.11e-01      1.25e-03      4.70e-02    8.7e-05
 215000      1.38e-01      1.76e-03      5.82e-02    8.7e-05
 216000      1.05e-01      1.61e-03      4.40e-02    8.4e-05
 217000      1.01e-01      7.75e-04      4.38e-02    8.4e-05
 218000      1.23e-01      1.31e-03      5.35e-02    8.2e-05
 219000      1.68e-01      2.26e-03      7.21e-02    8.2e-05
 220000      1.11e-01      6.68e-04      4.97e-02    7.9e-05
 221000      9.21e-02      8.15e-04      4.09e-02    7.9e-05
 222000      1.39e-01      7.84e-04      6.30e-02    7.7e-05
 223000      9.75e-02      1.68e-03      4.20e-02    7.7e-05
 224000      1.08e-01      2.52e-03      4.46e-02    7.5e-05
 225000      9.32e-02      8.62e-04      4.23e-02    7.5e-05
 226000      1.16e-01      4.38e-04      5.41e-02    7.3e-05
 227000      1.11e-01      1.15e-03      5.08e-02    7.3e-05
 228000      1.02e-01      2.97e-04      4.80e-02    7.0e-05
 229000      9.30e-02      1.28e-03      4.23e-02    7.0e-05
 230000      1.46e-01      3.27e-05      6.95e-02    6.8e-05
 231000      1.15e-01      1.35e-03      5.33e-02    6.8e-05
 232000      1.00e-01      3.03e-04      4.83e-02    6.6e-05
 233000      7.98e-02      1.66e-04      3.85e-02    6.6e-05
 234000      1.05e-01      1.03e-03      5.05e-02    6.5e-05
 235000      9.95e-02      7.21e-04      4.81e-02    6.5e-05
 236000      1.05e-01      7.20e-04      5.14e-02    6.3e-05
 237000      1.48e-01      9.85e-04      7.24e-02    6.3e-05
 238000      9.07e-02      7.53e-05      4.53e-02    6.1e-05
 239000      8.99e-02      4.99e-05      4.49e-02    6.1e-05
 240000      8.66e-02      1.14e-03      4.23e-02    5.9e-05
 241000      9.08e-02      5.09e-04      4.56e-02    5.9e-05
 242000      1.12e-01      9.65e-04      5.65e-02    5.7e-05
 243000      9.86e-02      1.47e-03      4.82e-02    5.7e-05
 244000      4.67e-02      2.29e-03      2.27e-02    5.6e-05
 245000      9.32e-02      1.53e-03      4.56e-02    5.6e-05
 246000      1.28e-01      9.70e-04      6.58e-02    5.4e-05
 247000      7.60e-02      3.07e-04      3.95e-02    5.4e-05
 248000      9.92e-02      3.39e-04      5.22e-02    5.3e-05
 249000      9.62e-02      7.38e-04      5.02e-02    5.3e-05
 250000      7.61e-02      1.75e-04      4.05e-02    5.1e-05
 251000      8.80e-02      1.17e-03      4.53e-02    5.1e-05
 252000      8.55e-02      1.83e-03      4.19e-02    5.0e-05
 253000      1.23e-01      4.06e-03      5.12e-02    5.0e-05
 254000      1.44e-01      4.90e-04      7.81e-02    4.8e-05
 255000      7.42e-02      2.03e-04      4.03e-02    4.8e-05
 256000      7.60e-02      1.15e-03      4.00e-02    4.7e-05
 257000      9.46e-02      1.36e-03      4.99e-02    4.7e-05
 258000      7.36e-02      7.10e-04      4.01e-02    4.5e-05
 259000      8.32e-02      1.16e-03      4.44e-02    4.5e-05
 260000      7.87e-02      8.00e-04      4.32e-02    4.4e-05
 261000      1.04e-01      6.28e-04      5.77e-02    4.4e-05
 262000      8.40e-02      1.82e-03      4.32e-02    4.3e-05
 263000      7.78e-02      1.62e-04      4.40e-02    4.3e-05
 264000      7.33e-02      1.29e-05      4.19e-02    4.2e-05
 265000      9.33e-02      4.55e-04      5.31e-02    4.2e-05
 266000      8.42e-02      3.02e-05      4.87e-02    4.0e-05
 267000      7.03e-02      3.42e-04      4.04e-02    4.0e-05
 268000      7.64e-02      1.33e-03      4.19e-02    3.9e-05
 269000      8.05e-02      1.48e-03      4.38e-02    3.9e-05
 270000      1.06e-01      6.21e-04      6.18e-02    3.8e-05
 271000      8.45e-02      8.52e-04      4.88e-02    3.8e-05
 272000      1.22e-01      8.86e-04      7.19e-02    3.7e-05
 273000      9.49e-02      3.17e-04      5.63e-02    3.7e-05
 274000      1.22e-01      6.55e-04      7.31e-02    3.6e-05
 275000      8.13e-02      8.17e-04      4.79e-02    3.6e-05
 276000      7.55e-02      1.14e-05      4.57e-02    3.5e-05
 277000      1.15e-01      3.94e-04      6.93e-02    3.5e-05
 278000      4.10e-02      2.64e-03      2.25e-02    3.4e-05
 279000      7.36e-02      1.89e-04      4.50e-02    3.4e-05
 280000      1.24e-01      9.65e-05      7.63e-02    3.3e-05
 281000      7.11e-02      5.33e-04      4.34e-02    3.3e-05
 282000      8.19e-02      7.06e-04      5.03e-02    3.2e-05
 283000      6.58e-02      4.43e-04      4.06e-02    3.2e-05
 284000      6.86e-02      5.39e-04      4.26e-02    3.1e-05
 285000      7.16e-02      2.63e-04      4.48e-02    3.1e-05
 286000      9.52e-02      3.33e-04      6.02e-02    3.0e-05
 287000      9.60e-02      1.22e-03      5.89e-02    3.0e-05
 288000      9.01e-02      5.11e-04      5.72e-02    2.9e-05
 289000      1.25e-01      1.26e-03      7.87e-02    2.9e-05
 290000      8.05e-02      7.08e-04      5.11e-02    2.8e-05
 291000      8.98e-02      5.83e-04      5.74e-02    2.8e-05
 292000      6.53e-02      8.64e-04      4.10e-02    2.8e-05
 293000      7.00e-02      7.88e-04      4.44e-02    2.8e-05
 294000      6.79e-02      5.29e-04      4.40e-02    2.7e-05
 295000      7.89e-02      1.05e-03      4.99e-02    2.7e-05
 296000      7.65e-02      5.20e-04      5.02e-02    2.6e-05
 297000      7.35e-02      1.04e-03      4.67e-02    2.6e-05
 298000      8.63e-02      5.21e-04      5.71e-02    2.5e-05
 299000      6.53e-02      3.10e-04      4.34e-02    2.5e-05
 300000      6.54e-02      5.25e-04      4.34e-02    2.4e-05
 301000      6.74e-02      8.92e-05      4.53e-02    2.4e-05
 302000      6.32e-02      5.57e-04      4.22e-02    2.4e-05
 303000      7.02e-02      6.94e-04      4.67e-02    2.4e-05
 304000      6.25e-02      3.86e-04      4.24e-02    2.3e-05
 305000      6.44e-02      2.85e-04      4.38e-02    2.3e-05
 306000      7.28e-02      5.98e-04      4.94e-02    2.2e-05
 307000      7.49e-02      1.06e-03      4.95e-02    2.2e-05
 308000      7.96e-02      7.12e-04      5.44e-02    2.2e-05
 309000      5.91e-02      1.79e-04      4.09e-02    2.2e-05
 310000      6.97e-02      1.00e-03      4.68e-02    2.1e-05
 311000      5.43e-02      3.46e-04      3.77e-02    2.1e-05
 312000      4.96e-02      1.04e-03      3.42e-02    2.1e-05
 313000      6.37e-02      1.76e-04      4.48e-02    2.1e-05
 314000      6.47e-02      8.46e-05      4.59e-02    2.0e-05
 315000      5.85e-02      1.93e-06      4.15e-02    2.0e-05
 316000      7.28e-02      5.91e-04      5.14e-02    1.9e-05
 317000      8.07e-02      8.30e-04      5.65e-02    1.9e-05
 318000      6.85e-02      1.25e-04      4.92e-02    1.9e-05
 319000      5.92e-02      3.40e-04      4.24e-02    1.9e-05
 320000      6.49e-02      1.07e-03      4.45e-02    1.8e-05
 321000      6.65e-02      1.08e-03      4.58e-02    1.8e-05
 322000      5.39e-02      1.00e-03      3.67e-02    1.8e-05
 323000      3.69e-02      2.45e-03      2.39e-02    1.8e-05
 324000      7.84e-02      4.15e-04      5.73e-02    1.7e-05
 325000      7.81e-02      5.25e-04      5.69e-02    1.7e-05
 326000      7.14e-02      1.97e-04      5.28e-02    1.7e-05
 327000      6.65e-02      1.84e-04      4.91e-02    1.7e-05
 328000      3.09e-02      3.09e-03      1.67e-02    1.6e-05
 329000      5.43e-02      3.30e-04      4.02e-02    1.6e-05
 330000      5.45e-02      4.07e-04      4.04e-02    1.6e-05
 331000      5.78e-02      8.35e-06      4.33e-02    1.6e-05
 332000      6.64e-02      2.33e-04      5.00e-02    1.5e-05
 333000      6.28e-02      7.64e-04      4.60e-02    1.5e-05
 334000      6.49e-02      1.63e-04      4.92e-02    1.5e-05
 335000      6.53e-02      6.27e-04      4.87e-02    1.5e-05
 336000      5.67e-02      1.12e-04      4.33e-02    1.4e-05
 337000      7.55e-02      2.45e-04      5.75e-02    1.4e-05
 338000      5.50e-02      3.84e-04      4.19e-02    1.4e-05
 339000      6.52e-02      4.26e-04      4.97e-02    1.4e-05
 340000      5.89e-02      3.78e-04      4.51e-02    1.4e-05
 341000      5.90e-02      1.21e-04      4.56e-02    1.4e-05
 342000      6.61e-02      1.53e-03      4.58e-02    1.3e-05
 343000      4.89e-02      6.70e-05      3.80e-02    1.3e-05
 344000      5.37e-02      3.11e-04      4.17e-02    1.3e-05
 345000      7.16e-02      5.06e-04      5.54e-02    1.3e-05
 346000      6.45e-02      6.06e-04      4.98e-02    1.2e-05
 347000      5.17e-02      4.18e-04      4.01e-02    1.2e-05
 348000      4.78e-02      7.62e-04      3.59e-02    1.2e-05
 349000      5.75e-02      3.53e-05      4.55e-02    1.2e-05
 350000      5.83e-02      5.08e-05      4.63e-02    1.2e-05
 351000      7.87e-02      2.37e-04      6.24e-02    1.2e-05
 352000      5.36e-02      3.63e-04      4.25e-02    1.1e-05
 353000      5.25e-02      7.02e-04      4.05e-02    1.1e-05
 354000      5.27e-02      1.51e-04      4.23e-02    1.1e-05
 355000      8.89e-02      1.39e-04      7.14e-02    1.1e-05
 356000      7.84e-02      6.30e-05      6.33e-02    1.1e-05
 357000      5.68e-02      3.12e-04      4.56e-02    1.1e-05
 358000      8.62e-02      3.03e-04      6.98e-02    1.0e-05
 359000      5.53e-02      9.55e-04      4.23e-02    1.0e-05
 360000      4.52e-02      5.06e-04      3.60e-02    1.0e-05
 361000      5.15e-02      4.35e-04      4.14e-02    1.0e-05
 362000      5.67e-02      3.05e-04      4.63e-02    9.9e-06
 363000      5.67e-02      2.40e-04      4.63e-02    9.9e-06
 364000      4.74e-02      1.04e-03      3.82e-02    9.6e-06
 365000      5.33e-02      2.30e-04      4.37e-02    9.6e-06
 366000      5.09e-02      6.92e-05      4.21e-02    9.3e-06
 367000      2.70e-02      1.00e-03      2.16e-02    9.3e-06
 368000      4.29e-02      6.24e-04      3.42e-02    9.0e-06
 369000      5.28e-02      4.72e-04      4.32e-02    9.0e-06
 370000      5.00e-02      1.84e-04      4.16e-02    8.8e-06
 371000      3.57e-02      3.30e-04      2.97e-02    8.8e-06
 372000      4.89e-02      2.69e-04      4.08e-02    8.5e-06
 373000      6.07e-02      7.76e-04      4.93e-02    8.5e-06
 374000      6.36e-02      2.58e-04      5.34e-02    8.3e-06
 375000      5.14e-02      4.74e-05      4.33e-02    8.3e-06
 376000      4.93e-02      2.68e-04      4.14e-02    8.0e-06
 377000      9.01e-02      6.89e-04      7.54e-02    8.0e-06
 378000      6.53e-02      4.34e-04      5.50e-02    7.8e-06
 379000      5.46e-02      5.06e-04      4.56e-02    7.8e-06
 380000      4.80e-02      2.06e-04      4.08e-02    7.6e-06
 381000      5.27e-02      4.21e-04      4.44e-02    7.6e-06
 382000      5.21e-02      1.48e-04      4.46e-02    7.4e-06
 383000      5.47e-02      1.59e-04      4.68e-02    7.4e-06
 384000      6.35e-02      1.33e-03      4.98e-02    7.1e-06
 385000      5.22e-02      4.28e-04      4.43e-02    7.1e-06
 386000      4.92e-02      5.99e-04      4.12e-02    6.9e-06
 387000      6.17e-02      6.37e-04      5.21e-02    6.9e-06
 388000      5.49e-02      3.49e-05      4.76e-02    6.7e-06
 389000      4.91e-02      1.06e-04      4.25e-02    6.7e-06
 390000      5.36e-02      2.02e-04      4.65e-02    6.5e-06
 391000      6.08e-02      5.63e-05      5.29e-02    6.5e-06
 392000      4.54e-02      5.42e-05      3.96e-02    6.3e-06
 393000      4.88e-02      2.83e-04      4.23e-02    6.3e-06
 394000      4.46e-02      1.18e-04      3.90e-02    6.2e-06
 395000      4.86e-02      2.40e-04      4.23e-02    6.2e-06
 396000      4.73e-02      2.64e-04      4.13e-02    6.0e-06
 397000      4.44e-02      1.51e-04      3.89e-02    6.0e-06
 398000      2.28e-02      2.10e-04      2.01e-02    5.8e-06
 399000      4.55e-02      2.62e-04      3.98e-02    5.8e-06
 400000      5.75e-02      8.72e-04      4.85e-02    5.6e-06
 401000      6.60e-02      9.25e-04      5.61e-02    5.6e-06
 402000      4.60e-02      2.10e-04      4.07e-02    5.5e-06
 403000      5.17e-02      8.23e-05      4.58e-02    5.5e-06
 404000      5.10e-02      6.62e-04      4.39e-02    5.3e-06
 405000      4.79e-02      2.78e-04      4.24e-02    5.3e-06
 406000      4.70e-02      2.70e-04      4.17e-02    5.2e-06
 407000      4.56e-02      1.43e-04      4.06e-02    5.2e-06
 408000      4.92e-02      5.82e-04      4.28e-02    5.0e-06
 409000      5.95e-02      6.96e-04      5.18e-02    5.0e-06
 410000      6.56e-02      5.08e-04      5.82e-02    4.9e-06
 411000      5.27e-02      2.20e-05      4.73e-02    4.9e-06
 412000      7.85e-02      3.85e-04      7.04e-02    4.7e-06
 413000      5.12e-02      6.08e-04      4.48e-02    4.7e-06
 414000      5.08e-02      2.20e-04      4.57e-02    4.6e-06
 415000      5.25e-02      1.14e-03      4.29e-02    4.6e-06
 416000      4.60e-02      6.12e-04      4.01e-02    4.5e-06
 417000      4.40e-02      7.63e-05      3.98e-02    4.5e-06
 418000      4.60e-02      5.26e-05      4.17e-02    4.3e-06
 419000      5.13e-02      8.57e-04      4.40e-02    4.3e-06
 420000      5.32e-02      5.10e-04      4.76e-02    4.2e-06
 421000      6.30e-02      5.95e-05      5.73e-02    4.2e-06
 422000      5.08e-02      1.77e-04      4.62e-02    4.1e-06
 423000      4.46e-02      3.22e-06      4.07e-02    4.1e-06
 424000      5.08e-02      5.69e-05      4.64e-02    4.0e-06
 425000      6.29e-02      5.71e-04      5.66e-02    4.0e-06
 426000      4.91e-02      5.74e-06      4.50e-02    3.9e-06
 427000      4.52e-02      3.07e-05      4.15e-02    3.9e-06
 428000      9.42e-02      8.22e-04      8.52e-02    3.7e-06
 429000      4.70e-02      3.99e-04      4.25e-02    3.7e-06
 430000      4.61e-02      5.67e-05      4.25e-02    3.6e-06
 431000      4.89e-02      1.16e-03      3.98e-02    3.6e-06
 432000      4.32e-02      3.46e-04      3.93e-02    3.5e-06
 433000      5.36e-02      1.95e-04      4.93e-02    3.5e-06
 434000      5.80e-02      3.38e-04      5.33e-02    3.4e-06
 435000      4.88e-02      5.82e-04      4.39e-02    3.4e-06
 436000      5.15e-02      2.90e-04      4.75e-02    3.3e-06
 437000      4.97e-02      2.19e-04      4.59e-02    3.3e-06
 438000      5.66e-02      5.26e-04      5.17e-02    3.2e-06
 439000      2.60e-02      1.19e-03      2.29e-02    3.2e-06
 440000      4.55e-02      5.56e-05      4.23e-02    3.1e-06
 441000      4.87e-02      4.21e-04      4.47e-02    3.1e-06
 442000      7.31e-02      1.57e-04      6.81e-02    3.0e-06
 443000      4.37e-02      3.15e-04      4.04e-02    3.0e-06
 444000      5.11e-02      6.09e-04      4.64e-02    3.0e-06
 445000      6.12e-02      9.92e-04      5.42e-02    3.0e-06
 446000      4.23e-02      7.58e-06      3.96e-02    2.9e-06
 447000      5.44e-02      3.55e-04      5.05e-02    2.9e-06
 448000      4.88e-02      3.32e-05      4.57e-02    2.8e-06
 449000      6.01e-02      2.80e-04      5.61e-02    2.8e-06
 450000      4.82e-02      2.93e-04      4.50e-02    2.7e-06
 451000      4.62e-02      5.90e-04      4.20e-02    2.7e-06
 452000      4.27e-02      5.49e-04      3.89e-02    2.6e-06
 453000      5.26e-02      2.17e-04      4.93e-02    2.6e-06
 454000      5.42e-02      5.05e-04      5.02e-02    2.6e-06
 455000      4.50e-02      1.59e-04      4.23e-02    2.6e-06
 456000      5.10e-02      5.25e-04      4.72e-02    2.5e-06
 457000      4.23e-02      2.02e-04      3.98e-02    2.5e-06
 458000      4.62e-02      6.68e-05      4.36e-02    2.4e-06
 459000      4.58e-02      6.02e-05      4.33e-02    2.4e-06
 460000      4.13e-02      2.53e-05      3.91e-02    2.3e-06
 461000      2.14e-02      3.57e-04      2.01e-02    2.3e-06
 462000      5.18e-02      1.36e-04      4.91e-02    2.3e-06
 463000      4.77e-02      1.84e-04      4.50e-02    2.3e-06
 464000      4.60e-02      5.41e-04      4.25e-02    2.2e-06
 465000      4.07e-02      5.15e-04      3.83e-02    2.2e-06
 466000      4.67e-02      3.77e-04      4.39e-02    2.1e-06
 467000      4.89e-02      2.97e-04      4.61e-02    2.1e-06
 468000      4.23e-02      8.54e-05      4.02e-02    2.1e-06
 469000      4.27e-02      2.63e-04      4.04e-02    2.1e-06
 470000      4.81e-02      1.36e-04      4.58e-02    2.0e-06
 471000      4.54e-02      3.52e-04      4.27e-02    2.0e-06
 472000      4.83e-02      3.54e-04      4.57e-02    2.0e-06
 473000      5.34e-02      3.10e-04      5.06e-02    2.0e-06
 474000      4.49e-02      1.37e-04      4.28e-02    1.9e-06
 475000      5.76e-02      3.09e-04      5.48e-02    1.9e-06
 476000      6.06e-02      7.96e-04      5.61e-02    1.9e-06
 477000      4.52e-02      4.34e-04      4.25e-02    1.9e-06
 478000      5.09e-02      1.84e-04      4.87e-02    1.8e-06
 479000      3.91e-02      4.50e-04      3.65e-02    1.8e-06
 480000      5.17e-02      9.76e-05      4.96e-02    1.7e-06
 481000      8.04e-02      4.04e-05      7.72e-02    1.7e-06
 482000      6.58e-02      1.46e-04      6.31e-02    1.7e-06
 483000      5.20e-02      6.88e-04      4.83e-02    1.7e-06
 484000      4.87e-02      4.77e-04      4.59e-02    1.6e-06
 485000      5.00e-02      3.34e-04      4.77e-02    1.6e-06
 486000      5.34e-02      4.69e-04      5.06e-02    1.6e-06
 487000      4.55e-02      2.70e-05      4.38e-02    1.6e-06
 488000      4.95e-02      5.95e-04      4.63e-02    1.6e-06
 489000      3.91e-02      1.76e-04      3.76e-02    1.6e-06
 490000      4.41e-02      2.84e-04      4.22e-02    1.5e-06
 491000      3.91e-02      3.62e-04      3.71e-02    1.5e-06
 492000      4.45e-02      5.33e-04      4.18e-02    1.5e-06
 493000      6.01e-02      2.86e-04      5.78e-02    1.5e-06
 494000      4.91e-02      2.34e-04      4.73e-02    1.4e-06
 495000      4.23e-02      1.93e-04      4.08e-02    1.4e-06
 496000      5.34e-02      6.43e-04      5.02e-02    1.4e-06
 497000      4.85e-02      3.60e-04      4.64e-02    1.4e-06
 498000      4.28e-02      5.36e-04      4.02e-02    1.3e-06
 499000      5.05e-02      2.19e-05      4.89e-02    1.3e-06
 500000      4.83e-02      1.18e-05      4.69e-02    1.3e-06
 501000      5.09e-02      1.39e-04      4.92e-02    1.3e-06
 502000      5.09e-02      2.61e-04      4.91e-02    1.3e-06
 503000      2.27e-02      2.30e-03      1.91e-02    1.3e-06
 504000      3.65e-02      8.79e-05      3.54e-02    1.2e-06
 505000      8.62e-02      6.31e-04      8.28e-02    1.2e-06
 506000      4.86e-02      5.11e-04      4.62e-02    1.2e-06
 507000      2.50e-02      1.30e-03      2.26e-02    1.2e-06
 508000      5.55e-02      4.27e-04      5.34e-02    1.2e-06
 509000      5.65e-02      3.38e-04      5.45e-02    1.2e-06
 510000      4.53e-02      4.08e-04      4.34e-02    1.1e-06
 511000      7.32e-02      6.96e-04      7.00e-02    1.1e-06
 512000      4.93e-02      1.73e-04      4.79e-02    1.1e-06
 513000      5.79e-02      5.97e-04      5.53e-02    1.1e-06
 514000      5.76e-02      1.94e-04      5.61e-02    1.1e-06
 515000      4.40e-02      8.22e-05      4.29e-02    1.1e-06
 516000      4.96e-02      1.57e-04      4.83e-02    1.0e-06
 517000      5.68e-02      4.75e-04      5.47e-02    1.0e-06
 518000      5.36e-02      2.13e-04      5.21e-02    1.0e-06
 519000      4.62e-02      1.90e-04      4.49e-02    1.0e-06
 520000      4.13e-02      1.23e-04      4.02e-02    9.7e-07
 521000      4.84e-02      1.19e-04      4.73e-02    9.7e-07
 522000      4.36e-02      3.43e-04      4.21e-02    9.4e-07
 523000      6.51e-02      3.71e-06      6.36e-02    9.4e-07
 524000      5.68e-02      3.27e-04      5.52e-02    9.2e-07
 525000      4.93e-02      4.48e-04      4.74e-02    9.2e-07
 526000      6.26e-02      8.38e-05      6.13e-02    8.9e-07
 527000      4.42e-02      3.50e-04      4.28e-02    8.9e-07
 528000      6.29e-02      5.76e-05      6.16e-02    8.6e-07
 529000      4.19e-02      4.19e-04      4.02e-02    8.6e-07
 530000      5.89e-02      4.85e-04      5.69e-02    8.4e-07
 531000      5.93e-02      4.05e-05      5.81e-02    8.4e-07
 532000      5.96e-02      4.23e-04      5.78e-02    8.1e-07
 533000      4.35e-02      1.95e-04      4.25e-02    8.1e-07
 534000      4.99e-02      3.45e-05      4.89e-02    7.9e-07
 535000      4.58e-02      8.05e-05      4.49e-02    7.9e-07
 536000      4.25e-02      5.85e-05      4.17e-02    7.7e-07
 537000      4.80e-02      2.53e-04      4.68e-02    7.7e-07
 538000      5.60e-02      4.05e-04      5.45e-02    7.5e-07
 539000      4.40e-02      3.41e-04      4.28e-02    7.5e-07
 540000      4.45e-02      2.55e-05      4.37e-02    7.2e-07
 541000      5.83e-02      6.57e-04      5.59e-02    7.2e-07
 542000      5.90e-02      1.14e-04      5.80e-02    7.0e-07
 543000      4.62e-02      5.04e-04      4.44e-02    7.0e-07
 544000      5.31e-02      6.68e-04      5.06e-02    6.8e-07
 545000      4.54e-02      3.96e-04      4.40e-02    6.8e-07
 546000      4.48e-02      4.00e-04      4.34e-02    6.6e-07
 547000      5.53e-02      8.90e-04      5.17e-02    6.6e-07
 548000      5.05e-02      2.20e-04      4.96e-02    6.4e-07
 549000      4.25e-02      2.66e-04      4.15e-02    6.4e-07
 550000      7.14e-02      7.25e-04      6.89e-02    6.2e-07
 551000      6.12e-02      6.78e-04      5.89e-02    6.2e-07
 552000      4.16e-02      2.13e-04      4.07e-02    6.1e-07
 553000      4.16e-02      3.20e-04      4.06e-02    6.1e-07
 554000      4.54e-02      2.88e-04      4.44e-02    5.9e-07
 555000      4.89e-02      9.32e-05      4.81e-02    5.9e-07
 556000      4.31e-02      2.51e-04      4.22e-02    5.7e-07
 557000      4.91e-02      3.94e-04      4.78e-02    5.7e-07
 558000      4.47e-02      2.72e-04      4.38e-02    5.6e-07
 559000      4.22e-02      3.67e-04      4.10e-02    5.6e-07
 560000      3.59e-02      9.36e-05      3.54e-02    5.4e-07
 561000      4.06e-02      6.35e-04      3.82e-02    5.4e-07
 562000      4.48e-02      4.16e-04      4.35e-02    5.2e-07
 563000      4.45e-02      1.75e-04      4.38e-02    5.2e-07
 564000      4.35e-02      4.67e-04      4.20e-02    5.1e-07
 565000      5.43e-02      4.15e-04      5.30e-02    5.1e-07
 566000      5.09e-02      5.95e-04      4.89e-02    4.9e-07
 567000      7.20e-02      5.79e-04      7.03e-02    4.9e-07
 568000      4.81e-02      5.49e-04      4.63e-02    4.8e-07
 569000      4.62e-02      1.01e-03      4.13e-02    4.8e-07
 570000      4.52e-02      4.44e-04      4.38e-02    4.7e-07
 571000      7.14e-02      2.40e-04      7.04e-02    4.7e-07
 572000      4.07e-02      1.24e-04      4.02e-02    4.5e-07
 573000      5.13e-02      1.70e-04      5.07e-02    4.5e-07
 574000      7.89e-02      9.20e-05      7.80e-02    4.4e-07
 575000      4.65e-02      7.53e-05      4.59e-02    4.4e-07
 576000      2.72e-02      3.23e-04      2.68e-02    4.3e-07
 577000      4.46e-02      4.91e-04      4.31e-02    4.3e-07
 578000      4.98e-02      3.06e-04      4.89e-02    4.1e-07
 579000      3.97e-02      2.63e-04      3.89e-02    4.1e-07
 580000      4.27e-02      1.54e-04      4.21e-02    4.0e-07
 581000      5.35e-02      4.84e-04      5.21e-02    4.0e-07
 582000      4.03e-02      2.11e-04      3.97e-02    3.9e-07
 583000      4.82e-02      2.89e-04      4.74e-02    3.9e-07
 584000      4.58e-02      9.89e-05      4.53e-02    3.8e-07
 585000      4.50e-02      6.80e-04      4.26e-02    3.8e-07
 586000      6.04e-02      8.84e-04      5.73e-02    3.7e-07
 587000      4.40e-02      1.11e-05      4.36e-02    3.7e-07
 588000      7.07e-02      4.14e-04      6.96e-02    3.6e-07
 589000      4.75e-02      3.71e-04      4.65e-02    3.6e-07
 590000      3.95e-02      5.24e-04      3.78e-02    3.5e-07
 591000      4.48e-02      4.54e-04      4.36e-02    3.5e-07
 592000      5.43e-02      6.71e-05      5.38e-02    3.4e-07
 593000      4.93e-02      2.68e-04      4.86e-02    3.4e-07
 594000      4.19e-02      6.26e-04      3.98e-02    3.3e-07
 595000      5.12e-02      7.07e-05      5.08e-02    3.3e-07
 596000      4.09e-02      4.58e-04      3.95e-02    3.2e-07
 597000      6.34e-02      7.99e-05      6.29e-02    3.2e-07
 598000      8.72e-02      8.16e-04      8.51e-02    3.1e-07
 599000      4.35e-02      1.57e-04      4.31e-02    3.1e-07
 600000      4.75e-02      5.64e-04      4.58e-02    3.0e-07
