#  step      rmse_trn   rmse_lc_trn         lr
      0      7.91e-01      7.91e-01    1.0e-02
   1000      4.57e-03      4.57e-03    1.0e-02
   2000      2.36e-03      2.36e-03    1.0e-02
   3000      1.16e-02      1.16e-02    1.0e-02
   4000      2.86e-03      2.86e-03    1.0e-02
   5000      2.71e-03      2.71e-03    9.5e-03
   6000      2.86e-03      2.86e-03    9.5e-03
   7000      2.34e-03      2.34e-03    9.5e-03
   8000      3.38e-03      3.38e-03    9.5e-03
   9000      2.30e-03      2.30e-03    9.5e-03
  10000      2.49e-03      2.49e-03    9.0e-03
  11000      3.75e-03      3.75e-03    9.0e-03
  12000      4.07e-03      4.07e-03    9.0e-03
  13000      1.36e-02      1.36e-02    9.0e-03
  14000      1.52e-02      1.52e-02    9.0e-03
  15000      3.87e-02      3.87e-02    8.6e-03
  16000      7.48e-03      7.48e-03    8.6e-03
  17000      8.03e-03      8.03e-03    8.6e-03
  18000      4.71e-03      4.71e-03    8.6e-03
  19000      5.48e-03      5.48e-03    8.6e-03
  20000      6.04e-03      6.04e-03    8.1e-03
  21000      6.70e-03      6.70e-03    8.1e-03
  22000      3.38e-03      3.38e-03    8.1e-03
  23000      4.66e-03      4.66e-03    8.1e-03
  24000      2.46e-03      2.46e-03    8.1e-03
  25000      3.16e-03      3.16e-03    7.7e-03
  26000      2.54e-03      2.54e-03    7.7e-03
  27000      2.52e-03      2.52e-03    7.7e-03
  28000      2.52e-03      2.52e-03    7.7e-03
  29000      5.52e-03      5.52e-03    7.7e-03
  30000      3.40e-03      3.40e-03    7.4e-03
  31000      4.09e-03      4.09e-03    7.4e-03
  32000      2.29e-03      2.29e-03    7.4e-03
  33000      4.94e-03      4.94e-03    7.4e-03
  34000      2.77e-03      2.77e-03    7.4e-03
  35000      3.87e-03      3.87e-03    7.0e-03
  36000      4.89e-03      4.89e-03    7.0e-03
  37000      3.08e-03      3.08e-03    7.0e-03
  38000      5.98e-03      5.98e-03    7.0e-03
  39000      2.87e-03      2.87e-03    7.0e-03
  40000      6.20e-03      6.20e-03    6.6e-03
  41000      3.65e-03      3.65e-03    6.6e-03
  42000      2.99e-03      2.99e-03    6.6e-03
  43000      1.96e-03      1.96e-03    6.6e-03
  44000      1.89e-03      1.89e-03    6.6e-03
  45000      2.42e-03      2.42e-03    6.3e-03
  46000      3.24e-03      3.24e-03    6.3e-03
  47000      2.37e-03      2.37e-03    6.3e-03
  48000      2.31e-03      2.31e-03    6.3e-03
  49000      3.12e-03      3.12e-03    6.3e-03
  50000      2.65e-03      2.65e-03    6.0e-03
  51000      2.37e-03      2.37e-03    6.0e-03
  52000      2.36e-03      2.36e-03    6.0e-03
  53000      8.50e-03      8.50e-03    6.0e-03
  54000      3.53e-03      3.53e-03    6.0e-03
  55000      2.51e-03      2.51e-03    5.7e-03
  56000      7.98e-03      7.98e-03    5.7e-03
  57000      1.99e-03      1.99e-03    5.7e-03
  58000      3.66e-03      3.66e-03    5.7e-03
  59000      2.46e-03      2.46e-03    5.7e-03
  60000      2.15e-03      2.15e-03    5.4e-03
  61000      7.70e-03      7.70e-03    5.4e-03
  62000      2.76e-03      2.76e-03    5.4e-03
  63000      1.94e-03      1.94e-03    5.4e-03
  64000      3.16e-03      3.16e-03    5.4e-03
  65000      2.66e-03      2.66e-03    5.1e-03
  66000      2.39e-03      2.39e-03    5.1e-03
  67000      2.59e-03      2.59e-03    5.1e-03
  68000      3.18e-03      3.18e-03    5.1e-03
  69000      2.25e-03      2.25e-03    5.1e-03
  70000      2.31e-03      2.31e-03    4.9e-03
  71000      4.08e-03      4.08e-03    4.9e-03
  72000      2.47e-03      2.47e-03    4.9e-03
  73000      4.63e-03      4.63e-03    4.9e-03
  74000      2.34e-03      2.34e-03    4.9e-03
  75000      3.08e-03      3.08e-03    4.6e-03
  76000      1.72e-03      1.72e-03    4.6e-03
  77000      3.02e-03      3.02e-03    4.6e-03
  78000      3.39e-03      3.39e-03    4.6e-03
  79000      2.24e-03      2.24e-03    4.6e-03
  80000      2.26e-03      2.26e-03    4.4e-03
  81000      2.01e-03      2.01e-03    4.4e-03
  82000      2.90e-03      2.90e-03    4.4e-03
  83000      3.27e-03      3.27e-03    4.4e-03
  84000      2.44e-03      2.44e-03    4.4e-03
  85000      2.16e-03      2.16e-03    4.2e-03
  86000      2.72e-03      2.72e-03    4.2e-03
  87000      3.38e-03      3.38e-03    4.2e-03
  88000      1.99e-03      1.99e-03    4.2e-03
  89000      2.67e-03      2.67e-03    4.2e-03
  90000      2.15e-03      2.15e-03    4.0e-03
  91000      2.36e-03      2.36e-03    4.0e-03
  92000      2.23e-03      2.23e-03    4.0e-03
  93000      2.86e-03      2.86e-03    4.0e-03
  94000      2.75e-03      2.75e-03    4.0e-03
  95000      1.94e-03      1.94e-03    3.8e-03
  96000      2.25e-03      2.25e-03    3.8e-03
  97000      2.87e-03      2.87e-03    3.8e-03
  98000      3.15e-03      3.15e-03    3.8e-03
  99000      2.61e-03      2.61e-03    3.8e-03
 100000      2.10e-03      2.10e-03    3.6e-03
 101000      1.76e-03      1.76e-03    3.6e-03
 102000      3.15e-03      3.15e-03    3.6e-03
 103000      2.53e-03      2.53e-03    3.6e-03
 104000      2.25e-03      2.25e-03    3.6e-03
 105000      2.69e-03      2.69e-03    3.4e-03
 106000      2.53e-03      2.53e-03    3.4e-03
 107000      1.66e-03      1.66e-03    3.4e-03
 108000      2.63e-03      2.63e-03    3.4e-03
 109000      1.95e-03      1.95e-03    3.4e-03
 110000      1.95e-03      1.95e-03    3.2e-03
 111000      2.11e-03      2.11e-03    3.2e-03
 112000      2.57e-03      2.57e-03    3.2e-03
 113000      2.37e-03      2.37e-03    3.2e-03
 114000      2.25e-03      2.25e-03    3.2e-03
 115000      2.30e-03      2.30e-03    3.1e-03
 116000      2.13e-03      2.13e-03    3.1e-03
 117000      2.28e-03      2.28e-03    3.1e-03
 118000      2.03e-03      2.03e-03    3.1e-03
 119000      2.06e-03      2.06e-03    3.1e-03
 120000      2.10e-03      2.10e-03    2.9e-03
 121000      2.56e-03      2.56e-03    2.9e-03
 122000      1.56e-03      1.56e-03    2.9e-03
 123000      2.26e-03      2.26e-03    2.9e-03
 124000      2.59e-03      2.59e-03    2.9e-03
 125000      2.30e-03      2.30e-03    2.8e-03
 126000      2.32e-03      2.32e-03    2.8e-03
 127000      2.61e-03      2.61e-03    2.8e-03
 128000      2.44e-03      2.44e-03    2.8e-03
 129000      3.18e-03      3.18e-03    2.8e-03
 130000      8.43e-03      8.43e-03    2.6e-03
 131000      2.26e-03      2.26e-03    2.6e-03
 132000      2.42e-03      2.42e-03    2.6e-03
 133000      2.13e-03      2.13e-03    2.6e-03
 134000      1.75e-03      1.75e-03    2.6e-03
 135000      2.27e-03      2.27e-03    2.5e-03
 136000      1.95e-03      1.95e-03    2.5e-03
 137000      2.28e-03      2.28e-03    2.5e-03
 138000      1.51e-03      1.51e-03    2.5e-03
 139000      1.98e-03      1.98e-03    2.5e-03
 140000      1.82e-03      1.82e-03    2.4e-03
 141000      2.22e-03      2.22e-03    2.4e-03
 142000      1.96e-03      1.96e-03    2.4e-03
 143000      2.10e-03      2.10e-03    2.4e-03
 144000      1.95e-03      1.95e-03    2.4e-03
 145000      2.25e-03      2.25e-03    2.3e-03
 146000      2.07e-03      2.07e-03    2.3e-03
 147000      1.79e-03      1.79e-03    2.3e-03
 148000      1.97e-03      1.97e-03    2.3e-03
 149000      2.17e-03      2.17e-03    2.3e-03
 150000      2.12e-03      2.12e-03    2.1e-03
 151000      2.08e-03      2.08e-03    2.1e-03
 152000      2.18e-03      2.18e-03    2.1e-03
 153000      2.15e-03      2.15e-03    2.1e-03
 154000      2.27e-03      2.27e-03    2.1e-03
 155000      2.08e-03      2.08e-03    2.0e-03
 156000      2.18e-03      2.18e-03    2.0e-03
 157000      3.08e-03      3.08e-03    2.0e-03
 158000      2.84e-03      2.84e-03    2.0e-03
 159000      1.79e-03      1.79e-03    2.0e-03
 160000      1.98e-03      1.98e-03    1.9e-03
 161000      2.13e-03      2.13e-03    1.9e-03
 162000      1.90e-03      1.90e-03    1.9e-03
 163000      2.81e-03      2.81e-03    1.9e-03
 164000      1.98e-03      1.98e-03    1.9e-03
 165000      1.99e-03      1.99e-03    1.8e-03
 166000      1.86e-03      1.86e-03    1.8e-03
 167000      2.01e-03      2.01e-03    1.8e-03
 168000      2.10e-03      2.10e-03    1.8e-03
 169000      2.88e-03      2.88e-03    1.8e-03
 170000      1.75e-03      1.75e-03    1.7e-03
 171000      2.16e-03      2.16e-03    1.7e-03
 172000      1.90e-03      1.90e-03    1.7e-03
 173000      1.80e-03      1.80e-03    1.7e-03
 174000      1.81e-03      1.81e-03    1.7e-03
 175000      2.10e-03      2.10e-03    1.7e-03
 176000      1.82e-03      1.82e-03    1.7e-03
 177000      1.69e-03      1.69e-03    1.7e-03
 178000      2.01e-03      2.01e-03    1.7e-03
 179000      1.93e-03      1.93e-03    1.7e-03
 180000      1.82e-03      1.82e-03    1.6e-03
 181000      1.74e-03      1.74e-03    1.6e-03
 182000      2.46e-03      2.46e-03    1.6e-03
 183000      2.78e-03      2.78e-03    1.6e-03
 184000      1.99e-03      1.99e-03    1.6e-03
 185000      1.82e-03      1.82e-03    1.5e-03
 186000      1.68e-03      1.68e-03    1.5e-03
 187000      2.33e-03      2.33e-03    1.5e-03
 188000      1.91e-03      1.91e-03    1.5e-03
 189000      1.79e-03      1.79e-03    1.5e-03
 190000      2.79e-03      2.79e-03    1.4e-03
 191000      2.05e-03      2.05e-03    1.4e-03
 192000      1.86e-03      1.86e-03    1.4e-03
 193000      1.90e-03      1.90e-03    1.4e-03
 194000      2.48e-03      2.48e-03    1.4e-03
 195000      1.90e-03      1.90e-03    1.4e-03
 196000      2.07e-03      2.07e-03    1.4e-03
 197000      2.32e-03      2.32e-03    1.4e-03
 198000      2.51e-03      2.51e-03    1.4e-03
 199000      1.24e-03      1.24e-03    1.4e-03
 200000      1.94e-03      1.94e-03    1.3e-03
 201000      1.92e-03      1.92e-03    1.3e-03
 202000      1.50e-03      1.50e-03    1.3e-03
 203000      2.50e-03      2.50e-03    1.3e-03
 204000      2.00e-03      2.00e-03    1.3e-03
 205000      1.76e-03      1.76e-03    1.2e-03
 206000      1.98e-03      1.98e-03    1.2e-03
 207000      2.13e-03      2.13e-03    1.2e-03
 208000      1.84e-03      1.84e-03    1.2e-03
 209000      1.78e-03      1.78e-03    1.2e-03
 210000      1.90e-03      1.90e-03    1.2e-03
 211000      1.82e-03      1.82e-03    1.2e-03
 212000      2.19e-03      2.19e-03    1.2e-03
 213000      1.89e-03      1.89e-03    1.2e-03
 214000      1.99e-03      1.99e-03    1.2e-03
 215000      1.81e-03      1.81e-03    1.1e-03
 216000      1.79e-03      1.79e-03    1.1e-03
 217000      1.74e-03      1.74e-03    1.1e-03
 218000      2.06e-03      2.06e-03    1.1e-03
 219000      1.74e-03      1.74e-03    1.1e-03
 220000      2.03e-03      2.03e-03    1.0e-03
 221000      1.79e-03      1.79e-03    1.0e-03
 222000      2.17e-03      2.17e-03    1.0e-03
 223000      1.67e-03      1.67e-03    1.0e-03
 224000      2.25e-03      2.25e-03    1.0e-03
 225000      1.86e-03      1.86e-03    9.9e-04
 226000      2.73e-03      2.73e-03    9.9e-04
 227000      1.98e-03      1.98e-03    9.9e-04
 228000      1.53e-03      1.53e-03    9.9e-04
 229000      1.79e-03      1.79e-03    9.9e-04
 230000      1.69e-03      1.69e-03    9.4e-04
 231000      2.36e-03      2.36e-03    9.4e-04
 232000      2.14e-03      2.14e-03    9.4e-04
 233000      2.58e-03      2.58e-03    9.4e-04
 234000      2.23e-03      2.23e-03    9.4e-04
 235000      2.39e-03      2.39e-03    9.0e-04
 236000      1.88e-03      1.88e-03    9.0e-04
 237000      2.62e-03      2.62e-03    9.0e-04
 238000      2.05e-03      2.05e-03    9.0e-04
 239000      2.00e-03      2.00e-03    9.0e-04
 240000      1.74e-03      1.74e-03    8.5e-04
 241000      1.73e-03      1.73e-03    8.5e-04
 242000      2.51e-03      2.51e-03    8.5e-04
 243000      1.79e-03      1.79e-03    8.5e-04
 244000      1.86e-03      1.86e-03    8.5e-04
 245000      1.61e-03      1.61e-03    8.1e-04
 246000      2.35e-03      2.35e-03    8.1e-04
 247000      2.31e-03      2.31e-03    8.1e-04
 248000      1.90e-03      1.90e-03    8.1e-04
 249000      2.20e-03      2.20e-03    8.1e-04
 250000      1.73e-03      1.73e-03    7.7e-04
 251000      2.00e-03      2.00e-03    7.7e-04
 252000      1.89e-03      1.89e-03    7.7e-04
 253000      2.63e-03      2.63e-03    7.7e-04
 254000      2.40e-03      2.40e-03    7.7e-04
 255000      2.58e-03      2.58e-03    7.3e-04
 256000      1.93e-03      1.93e-03    7.3e-04
 257000      2.56e-03      2.56e-03    7.3e-04
 258000      1.72e-03      1.72e-03    7.3e-04
 259000      1.99e-03      1.99e-03    7.3e-04
 260000      1.95e-03      1.95e-03    6.9e-04
 261000      1.86e-03      1.86e-03    6.9e-04
 262000      1.81e-03      1.81e-03    6.9e-04
 263000      2.21e-03      2.21e-03    6.9e-04
 264000      1.37e-03      1.37e-03    6.9e-04
 265000      1.77e-03      1.77e-03    6.6e-04
 266000      2.18e-03      2.18e-03    6.6e-04
 267000      2.01e-03      2.01e-03    6.6e-04
 268000      1.99e-03      1.99e-03    6.6e-04
 269000      2.07e-03      2.07e-03    6.6e-04
 270000      2.05e-03      2.05e-03    6.3e-04
 271000      1.80e-03      1.80e-03    6.3e-04
 272000      1.71e-03      1.71e-03    6.3e-04
 273000      2.03e-03      2.03e-03    6.3e-04
 274000      1.74e-03      1.74e-03    6.3e-04
 275000      1.86e-03      1.86e-03    6.0e-04
 276000      2.45e-03      2.45e-03    6.0e-04
 277000      2.06e-03      2.06e-03    6.0e-04
 278000      1.99e-03      1.99e-03    6.0e-04
 279000      2.01e-03      2.01e-03    6.0e-04
 280000      1.88e-03      1.88e-03    5.7e-04
 281000      1.75e-03      1.75e-03    5.7e-04
 282000      1.69e-03      1.69e-03    5.7e-04
 283000      2.34e-03      2.34e-03    5.7e-04
 284000      2.12e-03      2.12e-03    5.7e-04
 285000      1.92e-03      1.92e-03    5.4e-04
 286000      1.56e-03      1.56e-03    5.4e-04
 287000      1.64e-03      1.64e-03    5.4e-04
 288000      2.08e-03      2.08e-03    5.4e-04
 289000      2.12e-03      2.12e-03    5.4e-04
 290000      1.96e-03      1.96e-03    5.1e-04
 291000      2.21e-03      2.21e-03    5.1e-04
 292000      2.09e-03      2.09e-03    5.1e-04
 293000      1.73e-03      1.73e-03    5.1e-04
 294000      2.07e-03      2.07e-03    5.1e-04
 295000      2.68e-03      2.68e-03    4.8e-04
 296000      2.12e-03      2.12e-03    4.8e-04
 297000      1.78e-03      1.78e-03    4.8e-04
 298000      1.83e-03      1.83e-03    4.8e-04
 299000      2.20e-03      2.20e-03    4.8e-04
 300000      2.17e-03      2.17e-03    4.6e-04
 301000      1.78e-03      1.78e-03    4.6e-04
 302000      1.65e-03      1.65e-03    4.6e-04
 303000      2.24e-03      2.24e-03    4.6e-04
 304000      1.81e-03      1.81e-03    4.6e-04
 305000      1.74e-03      1.74e-03    4.4e-04
 306000      2.05e-03      2.05e-03    4.4e-04
 307000      1.78e-03      1.78e-03    4.4e-04
 308000      1.70e-03      1.70e-03    4.4e-04
 309000      1.89e-03      1.89e-03    4.4e-04
 310000      2.35e-03      2.35e-03    4.2e-04
 311000      1.87e-03      1.87e-03    4.2e-04
 312000      1.83e-03      1.83e-03    4.2e-04
 313000      1.90e-03      1.90e-03    4.2e-04
 314000      1.47e-03      1.47e-03    4.2e-04
 315000      1.68e-03      1.68e-03    3.9e-04
 316000      2.08e-03      2.08e-03    3.9e-04
 317000      1.81e-03      1.81e-03    3.9e-04
 318000      2.23e-03      2.23e-03    3.9e-04
 319000      1.69e-03      1.69e-03    3.9e-04
 320000      2.15e-03      2.15e-03    3.8e-04
 321000      1.50e-03      1.50e-03    3.8e-04
 322000      2.89e-03      2.89e-03    3.8e-04
 323000      1.75e-03      1.75e-03    3.8e-04
 324000      1.84e-03      1.84e-03    3.8e-04
 325000      2.31e-03      2.31e-03    3.6e-04
 326000      2.41e-03      2.41e-03    3.6e-04
 327000      2.10e-03      2.10e-03    3.6e-04
 328000      2.01e-03      2.01e-03    3.6e-04
 329000      1.71e-03      1.71e-03    3.6e-04
 330000      1.82e-03      1.82e-03    3.4e-04
 331000      2.05e-03      2.05e-03    3.4e-04
 332000      1.73e-03      1.73e-03    3.4e-04
 333000      1.75e-03      1.75e-03    3.4e-04
 334000      2.05e-03      2.05e-03    3.4e-04
 335000      1.81e-03      1.81e-03    3.2e-04
 336000      1.95e-03      1.95e-03    3.2e-04
 337000      1.75e-03      1.75e-03    3.2e-04
 338000      1.58e-03      1.58e-03    3.2e-04
 339000      1.51e-03      1.51e-03    3.2e-04
 340000      2.01e-03      2.01e-03    3.1e-04
 341000      1.89e-03      1.89e-03    3.1e-04
 342000      2.24e-03      2.24e-03    3.1e-04
 343000      1.04e-03      1.04e-03    3.1e-04
 344000      2.05e-03      2.05e-03    3.1e-04
 345000      2.03e-03      2.03e-03    2.9e-04
 346000      2.06e-03      2.06e-03    2.9e-04
 347000      1.92e-03      1.92e-03    2.9e-04
 348000      1.82e-03      1.82e-03    2.9e-04
 349000      1.76e-03      1.76e-03    2.9e-04
 350000      1.81e-03      1.81e-03    2.8e-04
 351000      1.83e-03      1.83e-03    2.8e-04
 352000      1.69e-03      1.69e-03    2.8e-04
 353000      1.79e-03      1.79e-03    2.8e-04
 354000      2.67e-03      2.67e-03    2.8e-04
 355000      2.18e-03      2.18e-03    2.6e-04
 356000      1.66e-03      1.66e-03    2.6e-04
 357000      1.75e-03      1.75e-03    2.6e-04
 358000      1.91e-03      1.91e-03    2.6e-04
 359000      1.70e-03      1.70e-03    2.6e-04
 360000      1.83e-03      1.83e-03    2.5e-04
 361000      1.79e-03      1.79e-03    2.5e-04
 362000      1.74e-03      1.74e-03    2.5e-04
 363000      1.87e-03      1.87e-03    2.5e-04
 364000      1.63e-03      1.63e-03    2.5e-04
 365000      1.74e-03      1.74e-03    2.4e-04
 366000      2.16e-03      2.16e-03    2.4e-04
 367000      1.72e-03      1.72e-03    2.4e-04
 368000      1.99e-03      1.99e-03    2.4e-04
 369000      9.94e-04      9.94e-04    2.4e-04
 370000      1.94e-03      1.94e-03    2.2e-04
 371000      2.07e-03      2.07e-03    2.2e-04
 372000      1.76e-03      1.76e-03    2.2e-04
 373000      1.77e-03      1.77e-03    2.2e-04
 374000      1.70e-03      1.70e-03    2.2e-04
 375000      1.91e-03      1.91e-03    2.1e-04
 376000      2.10e-03      2.10e-03    2.1e-04
 377000      1.95e-03      1.95e-03    2.1e-04
 378000      1.26e-03      1.26e-03    2.1e-04
 379000      1.67e-03      1.67e-03    2.1e-04
 380000      1.74e-03      1.74e-03    2.0e-04
 381000      1.67e-03      1.67e-03    2.0e-04
 382000      1.58e-03      1.58e-03    2.0e-04
 383000      1.48e-03      1.48e-03    2.0e-04
 384000      1.65e-03      1.65e-03    2.0e-04
 385000      1.88e-03      1.88e-03    1.9e-04
 386000      1.74e-03      1.74e-03    1.9e-04
 387000      1.87e-03      1.87e-03    1.9e-04
 388000      1.86e-03      1.86e-03    1.9e-04
 389000      2.15e-03      2.15e-03    1.9e-04
 390000      2.11e-03      2.11e-03    1.8e-04
 391000      2.65e-03      2.65e-03    1.8e-04
 392000      2.00e-03      2.00e-03    1.8e-04
 393000      2.38e-03      2.38e-03    1.8e-04
 394000      1.96e-03      1.96e-03    1.8e-04
 395000      1.89e-03      1.89e-03    1.7e-04
 396000      1.91e-03      1.91e-03    1.7e-04
 397000      2.31e-03      2.31e-03    1.7e-04
 398000      1.70e-03      1.70e-03    1.7e-04
 399000      1.97e-03      1.97e-03    1.7e-04
 400000      1.67e-03      1.67e-03    1.7e-04
 401000      1.83e-03      1.83e-03    1.7e-04
 402000      2.03e-03      2.03e-03    1.7e-04
 403000      1.73e-03      1.73e-03    1.7e-04
 404000      1.73e-03      1.73e-03    1.7e-04
 405000      1.88e-03      1.88e-03    1.6e-04
 406000      1.90e-03      1.90e-03    1.6e-04
 407000      1.72e-03      1.72e-03    1.6e-04
 408000      2.27e-03      2.27e-03    1.6e-04
 409000      1.77e-03      1.77e-03    1.6e-04
 410000      1.76e-03      1.76e-03    1.5e-04
 411000      1.88e-03      1.88e-03    1.5e-04
 412000      2.39e-03      2.39e-03    1.5e-04
 413000      1.99e-03      1.99e-03    1.5e-04
 414000      1.74e-03      1.74e-03    1.5e-04
 415000      1.72e-03      1.72e-03    1.4e-04
 416000      1.84e-03      1.84e-03    1.4e-04
 417000      1.73e-03      1.73e-03    1.4e-04
 418000      1.81e-03      1.81e-03    1.4e-04
 419000      2.03e-03      2.03e-03    1.4e-04
 420000      2.71e-03      2.71e-03    1.3e-04
 421000      1.99e-03      1.99e-03    1.3e-04
 422000      1.89e-03      1.89e-03    1.3e-04
 423000      1.81e-03      1.81e-03    1.3e-04
 424000      1.73e-03      1.73e-03    1.3e-04
 425000      1.72e-03      1.72e-03    1.3e-04
 426000      1.49e-03      1.49e-03    1.3e-04
 427000      1.83e-03      1.83e-03    1.3e-04
 428000      2.04e-03      2.04e-03    1.3e-04
 429000      1.83e-03      1.83e-03    1.3e-04
 430000      1.92e-03      1.92e-03    1.2e-04
 431000      1.82e-03      1.82e-03    1.2e-04
 432000      1.99e-03      1.99e-03    1.2e-04
 433000      2.15e-03      2.15e-03    1.2e-04
 434000      1.70e-03      1.70e-03    1.2e-04
 435000      1.94e-03      1.94e-03    1.2e-04
 436000      1.85e-03      1.85e-03    1.2e-04
 437000      1.59e-03      1.59e-03    1.2e-04
 438000      2.28e-03      2.28e-03    1.2e-04
 439000      1.56e-03      1.56e-03    1.2e-04
 440000      1.73e-03      1.73e-03    1.1e-04
 441000      1.75e-03      1.75e-03    1.1e-04
 442000      1.77e-03      1.77e-03    1.1e-04
 443000      2.05e-03      2.05e-03    1.1e-04
 444000      1.85e-03      1.85e-03    1.1e-04
 445000      1.93e-03      1.93e-03    1.0e-04
 446000      1.94e-03      1.94e-03    1.0e-04
 447000      1.65e-03      1.65e-03    1.0e-04
 448000      1.61e-03      1.61e-03    1.0e-04
 449000      2.03e-03      2.03e-03    1.0e-04
 450000      1.90e-03      1.90e-03    9.9e-05
 451000      1.68e-03      1.68e-03    9.9e-05
 452000      2.26e-03      2.26e-03    9.9e-05
 453000      1.61e-03      1.61e-03    9.9e-05
 454000      1.52e-03      1.52e-03    9.9e-05
 455000      1.95e-03      1.95e-03    9.4e-05
 456000      2.03e-03      2.03e-03    9.4e-05
 457000      1.87e-03      1.87e-03    9.4e-05
 458000      1.83e-03      1.83e-03    9.4e-05
 459000      1.77e-03      1.77e-03    9.4e-05
 460000      1.81e-03      1.81e-03    8.9e-05
 461000      1.85e-03      1.85e-03    8.9e-05
 462000      2.23e-03      2.23e-03    8.9e-05
 463000      1.69e-03      1.69e-03    8.9e-05
 464000      1.83e-03      1.83e-03    8.9e-05
 465000      1.83e-03      1.83e-03    8.5e-05
 466000      1.60e-03      1.60e-03    8.5e-05
 467000      7.99e-04      7.99e-04    8.5e-05
 468000      1.86e-03      1.86e-03    8.5e-05
 469000      1.74e-03      1.74e-03    8.5e-05
 470000      2.05e-03      2.05e-03    8.0e-05
 471000      1.65e-03      1.65e-03    8.0e-05
 472000      1.81e-03      1.81e-03    8.0e-05
 473000      1.58e-03      1.58e-03    8.0e-05
 474000      1.98e-03      1.98e-03    8.0e-05
 475000      2.10e-03      2.10e-03    7.6e-05
 476000      1.69e-03      1.69e-03    7.6e-05
 477000      2.13e-03      2.13e-03    7.6e-05
 478000      1.67e-03      1.67e-03    7.6e-05
 479000      1.82e-03      1.82e-03    7.6e-05
 480000      1.84e-03      1.84e-03    7.3e-05
 481000      1.86e-03      1.86e-03    7.3e-05
 482000      1.78e-03      1.78e-03    7.3e-05
 483000      1.77e-03      1.77e-03    7.3e-05
 484000      2.13e-03      2.13e-03    7.3e-05
 485000      1.93e-03      1.93e-03    6.9e-05
 486000      1.61e-03      1.61e-03    6.9e-05
 487000      1.76e-03      1.76e-03    6.9e-05
 488000      1.90e-03      1.90e-03    6.9e-05
 489000      1.82e-03      1.82e-03    6.9e-05
 490000      1.71e-03      1.71e-03    6.6e-05
 491000      1.71e-03      1.71e-03    6.6e-05
 492000      1.16e-03      1.16e-03    6.6e-05
 493000      1.54e-03      1.54e-03    6.6e-05
 494000      1.82e-03      1.82e-03    6.6e-05
 495000      1.87e-03      1.87e-03    6.2e-05
 496000      1.67e-03      1.67e-03    6.2e-05
 497000      1.89e-03      1.89e-03    6.2e-05
 498000      2.62e-03      2.62e-03    6.2e-05
 499000      1.78e-03      1.78e-03    6.2e-05
 500000      1.78e-03      1.78e-03    5.9e-05
 501000      1.81e-03      1.81e-03    5.9e-05
 502000      2.00e-03      2.00e-03    5.9e-05
 503000      2.10e-03      2.10e-03    5.9e-05
 504000      1.96e-03      1.96e-03    5.9e-05
 505000      1.58e-03      1.58e-03    5.6e-05
 506000      1.81e-03      1.81e-03    5.6e-05
 507000      2.49e-03      2.49e-03    5.6e-05
 508000      1.71e-03      1.71e-03    5.6e-05
 509000      2.27e-03      2.27e-03    5.6e-05
 510000      1.66e-03      1.66e-03    5.3e-05
 511000      1.78e-03      1.78e-03    5.3e-05
 512000      1.74e-03      1.74e-03    5.3e-05
 513000      1.89e-03      1.89e-03    5.3e-05
 514000      1.75e-03      1.75e-03    5.3e-05
 515000      1.92e-03      1.92e-03    5.1e-05
 516000      1.90e-03      1.90e-03    5.1e-05
 517000      1.76e-03      1.76e-03    5.1e-05
 518000      1.65e-03      1.65e-03    5.1e-05
 519000      2.49e-03      2.49e-03    5.1e-05
 520000      9.22e-04      9.22e-04    4.8e-05
 521000      1.08e-03      1.08e-03    4.8e-05
 522000      1.76e-03      1.76e-03    4.8e-05
 523000      1.77e-03      1.77e-03    4.8e-05
 524000      1.93e-03      1.93e-03    4.8e-05
 525000      1.68e-03      1.68e-03    4.6e-05
 526000      1.94e-03      1.94e-03    4.6e-05
 527000      1.96e-03      1.96e-03    4.6e-05
 528000      1.53e-03      1.53e-03    4.6e-05
 529000      1.09e-03      1.09e-03    4.6e-05
 530000      1.79e-03      1.79e-03    4.3e-05
 531000      1.19e-03      1.19e-03    4.3e-05
 532000      1.68e-03      1.68e-03    4.3e-05
 533000      2.66e-03      2.66e-03    4.3e-05
 534000      1.98e-03      1.98e-03    4.3e-05
 535000      2.15e-03      2.15e-03    4.1e-05
 536000      1.73e-03      1.73e-03    4.1e-05
 537000      1.72e-03      1.72e-03    4.1e-05
 538000      2.25e-03      2.25e-03    4.1e-05
 539000      2.22e-03      2.22e-03    4.1e-05
 540000      1.97e-03      1.97e-03    3.9e-05
 541000      1.21e-03      1.21e-03    3.9e-05
 542000      1.75e-03      1.75e-03    3.9e-05
 543000      1.64e-03      1.64e-03    3.9e-05
 544000      2.83e-03      2.83e-03    3.9e-05
 545000      1.90e-03      1.90e-03    3.7e-05
 546000      2.34e-03      2.34e-03    3.7e-05
 547000      1.64e-03      1.64e-03    3.7e-05
 548000      1.78e-03      1.78e-03    3.7e-05
 549000      1.67e-03      1.67e-03    3.7e-05
 550000      2.35e-03      2.35e-03    3.5e-05
 551000      1.67e-03      1.67e-03    3.5e-05
 552000      2.60e-03      2.60e-03    3.5e-05
 553000      1.84e-03      1.84e-03    3.5e-05
 554000      1.96e-03      1.96e-03    3.5e-05
 555000      1.65e-03      1.65e-03    3.4e-05
 556000      1.74e-03      1.74e-03    3.4e-05
 557000      1.50e-03      1.50e-03    3.4e-05
 558000      1.89e-03      1.89e-03    3.4e-05
 559000      1.84e-03      1.84e-03    3.4e-05
 560000      1.83e-03      1.83e-03    3.2e-05
 561000      1.97e-03      1.97e-03    3.2e-05
 562000      1.95e-03      1.95e-03    3.2e-05
 563000      1.76e-03      1.76e-03    3.2e-05
 564000      2.23e-03      2.23e-03    3.2e-05
 565000      1.73e-03      1.73e-03    3.0e-05
 566000      1.90e-03      1.90e-03    3.0e-05
 567000      1.62e-03      1.62e-03    3.0e-05
 568000      1.86e-03      1.86e-03    3.0e-05
 569000      2.05e-03      2.05e-03    3.0e-05
 570000      2.17e-03      2.17e-03    2.9e-05
 571000      2.28e-03      2.28e-03    2.9e-05
 572000      2.39e-03      2.39e-03    2.9e-05
 573000      1.63e-03      1.63e-03    2.9e-05
 574000      1.64e-03      1.64e-03    2.9e-05
 575000      1.48e-03      1.48e-03    2.7e-05
 576000      1.66e-03      1.66e-03    2.7e-05
 577000      1.66e-03      1.66e-03    2.7e-05
 578000      1.70e-03      1.70e-03    2.7e-05
 579000      1.56e-03      1.56e-03    2.7e-05
 580000      2.06e-03      2.06e-03    2.6e-05
 581000      1.89e-03      1.89e-03    2.6e-05
 582000      1.89e-03      1.89e-03    2.6e-05
 583000      2.39e-03      2.39e-03    2.6e-05
 584000      1.88e-03      1.88e-03    2.6e-05
 585000      2.10e-03      2.10e-03    2.5e-05
 586000      1.79e-03      1.79e-03    2.5e-05
 587000      1.54e-03      1.54e-03    2.5e-05
 588000      1.77e-03      1.77e-03    2.5e-05
 589000      1.84e-03      1.84e-03    2.5e-05
 590000      1.54e-03      1.54e-03    2.3e-05
 591000      1.95e-03      1.95e-03    2.3e-05
 592000      2.16e-03      2.16e-03    2.3e-05
 593000      1.98e-03      1.98e-03    2.3e-05
 594000      1.89e-03      1.89e-03    2.3e-05
 595000      1.66e-03      1.66e-03    2.2e-05
 596000      1.96e-03      1.96e-03    2.2e-05
 597000      2.26e-03      2.26e-03    2.2e-05
 598000      2.01e-03      2.01e-03    2.2e-05
 599000      1.85e-03      1.85e-03    2.2e-05
 600000      1.73e-03      1.73e-03    2.1e-05
 601000      1.83e-03      1.83e-03    2.1e-05
 602000      1.74e-03      1.74e-03    2.1e-05
 603000      1.70e-03      1.70e-03    2.1e-05
 604000      1.82e-03      1.82e-03    2.1e-05
 605000      1.92e-03      1.92e-03    2.0e-05
 606000      1.92e-03      1.92e-03    2.0e-05
 607000      1.71e-03      1.71e-03    2.0e-05
 608000      1.99e-03      1.99e-03    2.0e-05
 609000      1.64e-03      1.64e-03    2.0e-05
 610000      1.36e-03      1.36e-03    1.9e-05
 611000      1.65e-03      1.65e-03    1.9e-05
 612000      1.95e-03      1.95e-03    1.9e-05
 613000      1.92e-03      1.92e-03    1.9e-05
 614000      1.44e-03      1.44e-03    1.9e-05
 615000      1.96e-03      1.96e-03    1.8e-05
 616000      8.83e-04      8.83e-04    1.8e-05
 617000      1.77e-03      1.77e-03    1.8e-05
 618000      2.01e-03      2.01e-03    1.8e-05
 619000      2.39e-03      2.39e-03    1.8e-05
 620000      1.54e-03      1.54e-03    1.7e-05
 621000      1.86e-03      1.86e-03    1.7e-05
 622000      1.70e-03      1.70e-03    1.7e-05
 623000      1.42e-03      1.42e-03    1.7e-05
 624000      1.88e-03      1.88e-03    1.7e-05
 625000      1.79e-03      1.79e-03    1.6e-05
 626000      1.80e-03      1.80e-03    1.6e-05
 627000      2.13e-03      2.13e-03    1.6e-05
 628000      1.75e-03      1.75e-03    1.6e-05
 629000      1.66e-03      1.66e-03    1.6e-05
 630000      1.67e-03      1.67e-03    1.6e-05
 631000      1.76e-03      1.76e-03    1.6e-05
 632000      2.33e-03      2.33e-03    1.6e-05
 633000      1.84e-03      1.84e-03    1.6e-05
 634000      1.87e-03      1.87e-03    1.6e-05
 635000      1.89e-03      1.89e-03    1.5e-05
 636000      1.87e-03      1.87e-03    1.5e-05
 637000      1.66e-03      1.66e-03    1.5e-05
 638000      2.33e-03      2.33e-03    1.5e-05
 639000      1.49e-03      1.49e-03    1.5e-05
 640000      1.97e-03      1.97e-03    1.4e-05
 641000      1.63e-03      1.63e-03    1.4e-05
 642000      1.79e-03      1.79e-03    1.4e-05
 643000      1.81e-03      1.81e-03    1.4e-05
 644000      1.60e-03      1.60e-03    1.4e-05
 645000      1.81e-03      1.81e-03    1.3e-05
 646000      1.98e-03      1.98e-03    1.3e-05
 647000      1.72e-03      1.72e-03    1.3e-05
 648000      1.78e-03      1.78e-03    1.3e-05
 649000      2.12e-03      2.12e-03    1.3e-05
 650000      1.89e-03      1.89e-03    1.3e-05
 651000      1.94e-03      1.94e-03    1.3e-05
 652000      1.85e-03      1.85e-03    1.3e-05
 653000      1.56e-03      1.56e-03    1.3e-05
 654000      2.09e-03      2.09e-03    1.3e-05
 655000      2.32e-03      2.32e-03    1.2e-05
 656000      2.39e-03      2.39e-03    1.2e-05
 657000      1.42e-03      1.42e-03    1.2e-05
 658000      2.01e-03      2.01e-03    1.2e-05
 659000      1.65e-03      1.65e-03    1.2e-05
 660000      1.83e-03      1.83e-03    1.1e-05
 661000      2.14e-03      2.14e-03    1.1e-05
 662000      2.28e-03      2.28e-03    1.1e-05
 663000      1.85e-03      1.85e-03    1.1e-05
 664000      1.73e-03      1.73e-03    1.1e-05
 665000      1.68e-03      1.68e-03    1.1e-05
 666000      1.81e-03      1.81e-03    1.1e-05
 667000      1.76e-03      1.76e-03    1.1e-05
 668000      1.68e-03      1.68e-03    1.1e-05
 669000      2.59e-03      2.59e-03    1.1e-05
 670000      1.95e-03      1.95e-03    1.0e-05
 671000      1.64e-03      1.64e-03    1.0e-05
 672000      1.71e-03      1.71e-03    1.0e-05
 673000      1.92e-03      1.92e-03    1.0e-05
 674000      1.80e-03      1.80e-03    1.0e-05
 675000      1.56e-03      1.56e-03    9.8e-06
 676000      1.87e-03      1.87e-03    9.8e-06
 677000      1.52e-03      1.52e-03    9.8e-06
 678000      6.51e-04      6.51e-04    9.8e-06
 679000      1.65e-03      1.65e-03    9.8e-06
 680000      1.85e-03      1.85e-03    9.3e-06
 681000      1.63e-03      1.63e-03    9.3e-06
 682000      1.81e-03      1.81e-03    9.3e-06
 683000      1.48e-03      1.48e-03    9.3e-06
 684000      1.63e-03      1.63e-03    9.3e-06
 685000      1.84e-03      1.84e-03    8.9e-06
 686000      2.09e-03      2.09e-03    8.9e-06
 687000      1.95e-03      1.95e-03    8.9e-06
 688000      1.70e-03      1.70e-03    8.9e-06
 689000      1.70e-03      1.70e-03    8.9e-06
 690000      1.91e-03      1.91e-03    8.4e-06
 691000      1.74e-03      1.74e-03    8.4e-06
 692000      1.73e-03      1.73e-03    8.4e-06
 693000      1.71e-03      1.71e-03    8.4e-06
 694000      1.65e-03      1.65e-03    8.4e-06
 695000      1.81e-03      1.81e-03    8.0e-06
 696000      2.33e-03      2.33e-03    8.0e-06
 697000      8.73e-04      8.73e-04    8.0e-06
 698000      1.69e-03      1.69e-03    8.0e-06
 699000      1.73e-03      1.73e-03    8.0e-06
 700000      2.47e-03      2.47e-03    7.6e-06
 701000      1.59e-03      1.59e-03    7.6e-06
 702000      1.68e-03      1.68e-03    7.6e-06
 703000      2.59e-03      2.59e-03    7.6e-06
 704000      2.28e-03      2.28e-03    7.6e-06
 705000      2.21e-03      2.21e-03    7.2e-06
 706000      2.62e-03      2.62e-03    7.2e-06
 707000      1.52e-03      1.52e-03    7.2e-06
 708000      9.14e-04      9.14e-04    7.2e-06
 709000      1.87e-03      1.87e-03    7.2e-06
 710000      1.80e-03      1.80e-03    6.9e-06
 711000      1.91e-03      1.91e-03    6.9e-06
 712000      1.83e-03      1.83e-03    6.9e-06
 713000      1.83e-03      1.83e-03    6.9e-06
 714000      1.74e-03      1.74e-03    6.9e-06
 715000      1.89e-03      1.89e-03    6.5e-06
 716000      1.83e-03      1.83e-03    6.5e-06
 717000      1.93e-03      1.93e-03    6.5e-06
 718000      1.68e-03      1.68e-03    6.5e-06
 719000      1.81e-03      1.81e-03    6.5e-06
 720000      1.85e-03      1.85e-03    6.2e-06
 721000      1.70e-03      1.70e-03    6.2e-06
 722000      1.98e-03      1.98e-03    6.2e-06
 723000      2.60e-03      2.60e-03    6.2e-06
 724000      1.78e-03      1.78e-03    6.2e-06
 725000      1.64e-03      1.64e-03    5.9e-06
 726000      1.81e-03      1.81e-03    5.9e-06
 727000      1.94e-03      1.94e-03    5.9e-06
 728000      1.63e-03      1.63e-03    5.9e-06
 729000      2.01e-03      2.01e-03    5.9e-06
 730000      1.76e-03      1.76e-03    5.6e-06
 731000      1.66e-03      1.66e-03    5.6e-06
 732000      1.85e-03      1.85e-03    5.6e-06
 733000      2.57e-03      2.57e-03    5.6e-06
 734000      1.67e-03      1.67e-03    5.6e-06
 735000      1.74e-03      1.74e-03    5.3e-06
 736000      1.95e-03      1.95e-03    5.3e-06
 737000      1.63e-03      1.63e-03    5.3e-06
 738000      1.27e-03      1.27e-03    5.3e-06
 739000      8.72e-04      8.72e-04    5.3e-06
 740000      1.97e-03      1.97e-03    5.0e-06
 741000      1.85e-03      1.85e-03    5.0e-06
 742000      1.95e-03      1.95e-03    5.0e-06
 743000      2.03e-03      2.03e-03    5.0e-06
 744000      1.64e-03      1.64e-03    5.0e-06
 745000      1.89e-03      1.89e-03    4.8e-06
 746000      1.81e-03      1.81e-03    4.8e-06
 747000      1.70e-03      1.70e-03    4.8e-06
 748000      1.57e-03      1.57e-03    4.8e-06
 749000      1.84e-03      1.84e-03    4.8e-06
 750000      1.90e-03      1.90e-03    4.6e-06
 751000      1.90e-03      1.90e-03    4.6e-06
 752000      1.77e-03      1.77e-03    4.6e-06
 753000      1.75e-03      1.75e-03    4.6e-06
 754000      2.13e-03      2.13e-03    4.6e-06
 755000      1.75e-03      1.75e-03    4.3e-06
 756000      1.84e-03      1.84e-03    4.3e-06
 757000      2.28e-03      2.28e-03    4.3e-06
 758000      2.59e-03      2.59e-03    4.3e-06
 759000      2.12e-03      2.12e-03    4.3e-06
 760000      2.32e-03      2.32e-03    4.1e-06
 761000      1.53e-03      1.53e-03    4.1e-06
 762000      1.81e-03      1.81e-03    4.1e-06
 763000      1.84e-03      1.84e-03    4.1e-06
 764000      1.26e-03      1.26e-03    4.1e-06
 765000      1.95e-03      1.95e-03    3.9e-06
 766000      2.12e-03      2.12e-03    3.9e-06
 767000      2.04e-03      2.04e-03    3.9e-06
 768000      1.79e-03      1.79e-03    3.9e-06
 769000      1.76e-03      1.76e-03    3.9e-06
 770000      1.56e-03      1.56e-03    3.7e-06
 771000      1.67e-03      1.67e-03    3.7e-06
 772000      1.89e-03      1.89e-03    3.7e-06
 773000      1.63e-03      1.63e-03    3.7e-06
 774000      1.81e-03      1.81e-03    3.7e-06
 775000      1.65e-03      1.65e-03    3.5e-06
 776000      1.77e-03      1.77e-03    3.5e-06
 777000      1.16e-03      1.16e-03    3.5e-06
 778000      2.12e-03      2.12e-03    3.5e-06
 779000      1.80e-03      1.80e-03    3.5e-06
 780000      1.72e-03      1.72e-03    3.3e-06
 781000      1.73e-03      1.73e-03    3.3e-06
 782000      1.76e-03      1.76e-03    3.3e-06
 783000      1.75e-03      1.75e-03    3.3e-06
 784000      1.88e-03      1.88e-03    3.3e-06
 785000      1.80e-03      1.80e-03    3.2e-06
 786000      1.64e-03      1.64e-03    3.2e-06
 787000      1.70e-03      1.70e-03    3.2e-06
 788000      1.59e-03      1.59e-03    3.2e-06
 789000      1.80e-03      1.80e-03    3.2e-06
 790000      1.86e-03      1.86e-03    3.0e-06
 791000      1.60e-03      1.60e-03    3.0e-06
 792000      1.81e-03      1.81e-03    3.0e-06
 793000      2.85e-03      2.85e-03    3.0e-06
 794000      1.16e-03      1.16e-03    3.0e-06
 795000      1.67e-03      1.67e-03    2.9e-06
 796000      1.81e-03      1.81e-03    2.9e-06
 797000      2.33e-03      2.33e-03    2.9e-06
 798000      1.97e-03      1.97e-03    2.9e-06
 799000      1.87e-03      1.87e-03    2.9e-06
 800000      1.66e-03      1.66e-03    2.7e-06
 801000      1.99e-03      1.99e-03    2.7e-06
 802000      2.85e-03      2.85e-03    2.7e-06
 803000      1.81e-03      1.81e-03    2.7e-06
 804000      1.76e-03      1.76e-03    2.7e-06
 805000      1.67e-03      1.67e-03    2.6e-06
 806000      1.84e-03      1.84e-03    2.6e-06
 807000      2.13e-03      2.13e-03    2.6e-06
 808000      1.69e-03      1.69e-03    2.6e-06
 809000      2.26e-03      2.26e-03    2.6e-06
 810000      2.30e-03      2.30e-03    2.5e-06
 811000      1.76e-03      1.76e-03    2.5e-06
 812000      1.67e-03      1.67e-03    2.5e-06
 813000      1.75e-03      1.75e-03    2.5e-06
 814000      1.75e-03      1.75e-03    2.5e-06
 815000      1.77e-03      1.77e-03    2.3e-06
 816000      1.66e-03      1.66e-03    2.3e-06
 817000      1.86e-03      1.86e-03    2.3e-06
 818000      1.63e-03      1.63e-03    2.3e-06
 819000      1.80e-03      1.80e-03    2.3e-06
 820000      1.95e-03      1.95e-03    2.2e-06
 821000      1.70e-03      1.70e-03    2.2e-06
 822000      2.11e-03      2.11e-03    2.2e-06
 823000      1.85e-03      1.85e-03    2.2e-06
 824000      8.96e-04      8.96e-04    2.2e-06
 825000      1.72e-03      1.72e-03    2.1e-06
 826000      1.71e-03      1.71e-03    2.1e-06
 827000      1.72e-03      1.72e-03    2.1e-06
 828000      1.66e-03      1.66e-03    2.1e-06
 829000      1.82e-03      1.82e-03    2.1e-06
 830000      1.82e-03      1.82e-03    2.0e-06
 831000      1.73e-03      1.73e-03    2.0e-06
 832000      1.83e-03      1.83e-03    2.0e-06
 833000      1.90e-03      1.90e-03    2.0e-06
 834000      1.84e-03      1.84e-03    2.0e-06
 835000      2.47e-03      2.47e-03    1.9e-06
 836000      1.81e-03      1.81e-03    1.9e-06
 837000      1.63e-03      1.63e-03    1.9e-06
 838000      1.80e-03      1.80e-03    1.9e-06
 839000      1.96e-03      1.96e-03    1.9e-06
 840000      1.81e-03      1.81e-03    1.8e-06
 841000      2.58e-03      2.58e-03    1.8e-06
 842000      2.60e-03      2.60e-03    1.8e-06
 843000      1.84e-03      1.84e-03    1.8e-06
 844000      1.80e-03      1.80e-03    1.8e-06
 845000      2.15e-03      2.15e-03    1.7e-06
 846000      1.64e-03      1.64e-03    1.7e-06
 847000      1.73e-03      1.73e-03    1.7e-06
 848000      1.81e-03      1.81e-03    1.7e-06
 849000      1.82e-03      1.82e-03    1.7e-06
 850000      1.82e-03      1.82e-03    1.6e-06
 851000      1.85e-03      1.85e-03    1.6e-06
 852000      1.62e-03      1.62e-03    1.6e-06
 853000      2.00e-03      2.00e-03    1.6e-06
 854000      1.83e-03      1.83e-03    1.6e-06
 855000      1.93e-03      1.93e-03    1.5e-06
 856000      2.42e-03      2.42e-03    1.5e-06
 857000      1.36e-03      1.36e-03    1.5e-06
 858000      1.47e-03      1.47e-03    1.5e-06
 859000      1.71e-03      1.71e-03    1.5e-06
 860000      1.90e-03      1.90e-03    1.5e-06
 861000      1.93e-03      1.93e-03    1.5e-06
 862000      1.95e-03      1.95e-03    1.5e-06
 863000      1.81e-03      1.81e-03    1.5e-06
 864000      1.46e-03      1.46e-03    1.5e-06
 865000      1.51e-03      1.51e-03    1.4e-06
 866000      2.69e-03      2.69e-03    1.4e-06
 867000      1.76e-03      1.76e-03    1.4e-06
 868000      1.84e-03      1.84e-03    1.4e-06
 869000      2.55e-03      2.55e-03    1.4e-06
 870000      1.76e-03      1.76e-03    1.3e-06
 871000      1.65e-03      1.65e-03    1.3e-06
 872000      9.69e-04      9.69e-04    1.3e-06
 873000      1.97e-03      1.97e-03    1.3e-06
 874000      1.91e-03      1.91e-03    1.3e-06
 875000      1.77e-03      1.77e-03    1.3e-06
 876000      1.80e-03      1.80e-03    1.3e-06
 877000      1.88e-03      1.88e-03    1.3e-06
 878000      1.82e-03      1.82e-03    1.3e-06
 879000      2.03e-03      2.03e-03    1.3e-06
 880000      2.26e-03      2.26e-03    1.2e-06
 881000      1.81e-03      1.81e-03    1.2e-06
 882000      1.80e-03      1.80e-03    1.2e-06
 883000      1.84e-03      1.84e-03    1.2e-06
 884000      7.94e-04      7.94e-04    1.2e-06
 885000      1.79e-03      1.79e-03    1.1e-06
 886000      1.88e-03      1.88e-03    1.1e-06
 887000      1.98e-03      1.98e-03    1.1e-06
 888000      1.69e-03      1.69e-03    1.1e-06
 889000      1.88e-03      1.88e-03    1.1e-06
 890000      1.87e-03      1.87e-03    1.1e-06
 891000      1.88e-03      1.88e-03    1.1e-06
 892000      1.74e-03      1.74e-03    1.1e-06
 893000      1.72e-03      1.72e-03    1.1e-06
 894000      1.95e-03      1.95e-03    1.1e-06
 895000      1.72e-03      1.72e-03    1.0e-06
 896000      1.74e-03      1.74e-03    1.0e-06
 897000      1.54e-03      1.54e-03    1.0e-06
 898000      1.53e-03      1.53e-03    1.0e-06
 899000      2.17e-03      2.17e-03    1.0e-06
 900000      1.72e-03      1.72e-03    9.8e-07
 901000      1.57e-03      1.57e-03    9.8e-07
 902000      1.97e-03      1.97e-03    9.8e-07
 903000      2.40e-03      2.40e-03    9.8e-07
 904000      1.84e-03      1.84e-03    9.8e-07
 905000      1.95e-03      1.95e-03    9.3e-07
 906000      1.95e-03      1.95e-03    9.3e-07
 907000      2.13e-03      2.13e-03    9.3e-07
 908000      1.75e-03      1.75e-03    9.3e-07
 909000      1.83e-03      1.83e-03    9.3e-07
 910000      1.76e-03      1.76e-03    8.8e-07
 911000      1.91e-03      1.91e-03    8.8e-07
 912000      1.77e-03      1.77e-03    8.8e-07
 913000      1.76e-03      1.76e-03    8.8e-07
 914000      1.83e-03      1.83e-03    8.8e-07
 915000      2.09e-03      2.09e-03    8.4e-07
 916000      1.81e-03      1.81e-03    8.4e-07
 917000      1.65e-03      1.65e-03    8.4e-07
 918000      1.99e-03      1.99e-03    8.4e-07
 919000      2.18e-03      2.18e-03    8.4e-07
 920000      1.94e-03      1.94e-03    8.0e-07
 921000      1.63e-03      1.63e-03    8.0e-07
 922000      2.27e-03      2.27e-03    8.0e-07
 923000      1.57e-03      1.57e-03    8.0e-07
 924000      1.71e-03      1.71e-03    8.0e-07
 925000      1.66e-03      1.66e-03    7.6e-07
 926000      1.58e-03      1.58e-03    7.6e-07
 927000      7.17e-04      7.17e-04    7.6e-07
 928000      2.15e-03      2.15e-03    7.6e-07
 929000      1.97e-03      1.97e-03    7.6e-07
 930000      2.30e-03      2.30e-03    7.2e-07
 931000      1.65e-03      1.65e-03    7.2e-07
 932000      1.94e-03      1.94e-03    7.2e-07
 933000      1.16e-03      1.16e-03    7.2e-07
 934000      1.63e-03      1.63e-03    7.2e-07
 935000      1.85e-03      1.85e-03    6.8e-07
 936000      1.57e-03      1.57e-03    6.8e-07
 937000      1.87e-03      1.87e-03    6.8e-07
 938000      2.31e-03      2.31e-03    6.8e-07
 939000      1.76e-03      1.76e-03    6.8e-07
 940000      2.16e-03      2.16e-03    6.5e-07
 941000      1.76e-03      1.76e-03    6.5e-07
 942000      1.87e-03      1.87e-03    6.5e-07
 943000      1.97e-03      1.97e-03    6.5e-07
 944000      1.64e-03      1.64e-03    6.5e-07
 945000      1.88e-03      1.88e-03    6.2e-07
 946000      1.43e-03      1.43e-03    6.2e-07
 947000      1.66e-03      1.66e-03    6.2e-07
 948000      2.09e-03      2.09e-03    6.2e-07
 949000      1.80e-03      1.80e-03    6.2e-07
 950000      1.97e-03      1.97e-03    5.8e-07
 951000      1.70e-03      1.70e-03    5.8e-07
 952000      2.12e-03      2.12e-03    5.8e-07
 953000      1.78e-03      1.78e-03    5.8e-07
 954000      1.72e-03      1.72e-03    5.8e-07
 955000      2.40e-03      2.40e-03    5.6e-07
 956000      1.84e-03      1.84e-03    5.6e-07
 957000      1.55e-03      1.55e-03    5.6e-07
 958000      1.71e-03      1.71e-03    5.6e-07
 959000      1.81e-03      1.81e-03    5.6e-07
 960000      1.89e-03      1.89e-03    5.3e-07
 961000      2.39e-03      2.39e-03    5.3e-07
 962000      1.77e-03      1.77e-03    5.3e-07
 963000      1.72e-03      1.72e-03    5.3e-07
 964000      1.68e-03      1.68e-03    5.3e-07
 965000      1.88e-03      1.88e-03    5.0e-07
 966000      1.75e-03      1.75e-03    5.0e-07
 967000      2.73e-03      2.73e-03    5.0e-07
 968000      1.76e-03      1.76e-03    5.0e-07
 969000      2.10e-03      2.10e-03    5.0e-07
 970000      1.92e-03      1.92e-03    4.8e-07
 971000      1.96e-03      1.96e-03    4.8e-07
 972000      1.91e-03      1.91e-03    4.8e-07
 973000      1.77e-03      1.77e-03    4.8e-07
 974000      1.89e-03      1.89e-03    4.8e-07
 975000      1.73e-03      1.73e-03    4.5e-07
 976000      1.77e-03      1.77e-03    4.5e-07
 977000      2.07e-03      2.07e-03    4.5e-07
 978000      1.84e-03      1.84e-03    4.5e-07
 979000      1.63e-03      1.63e-03    4.5e-07
 980000      1.87e-03      1.87e-03    4.3e-07
 981000      1.74e-03      1.74e-03    4.3e-07
 982000      1.76e-03      1.76e-03    4.3e-07
 983000      2.03e-03      2.03e-03    4.3e-07
 984000      1.57e-03      1.57e-03    4.3e-07
 985000      1.84e-03      1.84e-03    4.1e-07
 986000      1.71e-03      1.71e-03    4.1e-07
 987000      1.72e-03      1.72e-03    4.1e-07
 988000      1.79e-03      1.79e-03    4.1e-07
 989000      2.01e-03      2.01e-03    4.1e-07
 990000      2.70e-03      2.70e-03    3.9e-07
 991000      1.72e-03      1.72e-03    3.9e-07
 992000      1.87e-03      1.87e-03    3.9e-07
 993000      2.04e-03      2.04e-03    3.9e-07
 994000      1.76e-03      1.76e-03    3.9e-07
 995000      1.65e-03      1.65e-03    3.7e-07
 996000      1.80e-03      1.80e-03    3.7e-07
 997000      1.73e-03      1.73e-03    3.7e-07
 998000      1.96e-03      1.96e-03    3.7e-07
 999000      1.93e-03      1.93e-03    3.7e-07
1000000      1.93e-03      1.93e-03    3.5e-07
